"../../../Engine/Content/MapTemplates/Sky/DaylightAmbientCubemap.uasset" 0
"E:/Clement/Documents/Unreal Projects/encore_un_test/Content/StarterContent/Blueprints/Assets/M_LightStage_Skybox_Master.uasset" 1
"E:/Clement/Documents/Unreal Projects/encore_un_test/Content/assets/M_LightStage_Skybox_Black.uasset" 2
"E:/Clement/Documents/Unreal Projects/encore_un_test/Content/assets/M_LightStage_Skybox_HDRI.uasset" 3
"E:/Clement/Documents/Unreal Projects/encore_un_test/Content/assets/M_LightStage_Skybox_Master.uasset" 4
"E:/Clement/Documents/Unreal Projects/encore_un_test/Content/assets/ramp_port.uasset" 5
"../../../Engine/Content/Functions/Engine_MaterialFunctions01/ImageAdjustment/Luminosity_And_Color.uasset" 6
"../../../Engine/Content/Functions/Engine_MaterialFunctions02/Utility/MakeFloat4.uasset" 7
"E:/Clement/Documents/Unreal Projects/encore_un_test/Content/assets/translucency.uasset" 8
"E:/Clement/Documents/Unreal Projects/encore_un_test/Content/assets/translucency_Inst.uasset" 9
"E:/Clement/Documents/Unreal Projects/encore_un_test/Content/Environment/Fog/M_Fog.uasset" 10
"E:/Clement/Documents/Unreal Projects/encore_un_test/Content/Environment/Fog/M_Fog_Inst.uasset" 11
"E:/Clement/Documents/Unreal Projects/encore_un_test/Content/Environment/Fog/Fog.uasset" 12
"E:/Clement/Documents/Unreal Projects/encore_un_test/Content/Environment/Sky/Moon_img.uasset" 13
"E:/Clement/Documents/Unreal Projects/encore_un_test/Content/VFX/Lightning/moon.uasset" 14
"E:/Clement/Documents/Unreal Projects/encore_un_test/Content/Environment/Sky/M_Moon.uasset" 15
"../../../Engine/Content/Functions/Engine_MaterialFunctions01/Gradient/LinearGradient.uasset" 16
"../../../Engine/Content/Functions/Engine_MaterialFunctions01/ImageAdjustment/CheapContrast.uasset" 17
"../../../Engine/Content/Functions/Engine_MaterialFunctions01/Opacity/CameraDepthFade.uasset" 18
"../../../Engine/Content/Functions/Engine_MaterialFunctions01/SpeedTree/SpeedTreeColorVariation.uasset" 19
"../../../Engine/Content/Functions/Engine_MaterialFunctions01/WorldPositionOffset/SimpleGrassWind.uasset" 20
"../../../Engine/Content/Functions/Engine_MaterialFunctions02/Texturing/ScreenAlignedPixelToPixelUVs.uasset" 21
"../../../Engine/Content/EngineMaterials/Good64x64TilingNoiseHighFreq.uasset" 22
"../../../Engine/Content/Functions/Engine_MaterialFunctions02/Utility/DitherTemporalAA.uasset" 23
"../../../Engine/Content/Functions/Engine_MaterialFunctions02/Utility/MakeFloat3.uasset" 24
"E:/Clement/Documents/Unreal Projects/encore_un_test/Content/HUD/circle.uasset" 25
"E:/Clement/Documents/Unreal Projects/encore_un_test/Content/Geometry/Map/Near_objects.uasset" 26
"E:/Clement/Documents/Unreal Projects/encore_un_test/Content/Materials/MF_flat.uasset" 27
"E:/Clement/Documents/Unreal Projects/encore_un_test/Content/Environment/Weather/Weather_parameter.uasset" 28
"E:/Clement/Documents/Unreal Projects/encore_un_test/Content/Geometry/Map/grass/Interact_col.uasset" 29
"E:/Clement/Documents/Unreal Projects/encore_un_test/Content/Geometry/Map/grass/grass.uasset" 30
"E:/Clement/Documents/Unreal Projects/encore_un_test/Content/Geometry/Map/grass/grass_Instance.uasset" 31
"E:/Clement/Documents/Unreal Projects/encore_un_test/Content/Geometry/Map/grass/grass_grass.uasset" 32
"E:/Clement/Documents/Unreal Projects/encore_un_test/Content/Geometry/Map/grass/GrassType.uasset" 33
"../../../Engine/Content/EngineMaterials/BlendFunc_DefBase.uasset" 34
"../../../Engine/Content/EngineMaterials/BlendFunc_DefBlend.uasset" 35
"../../../Engine/Content/Functions/Engine_MaterialFunctions03/Blends/Blend_Overlay.uasset" 36
"E:/Clement/Documents/Unreal Projects/encore_un_test/Content/Geometry/Map/BtEnsR9.uasset" 37
"E:/Clement/Documents/Unreal Projects/encore_un_test/Content/Geometry/Map/Landscape_texture.uasset" 38
"E:/Clement/Documents/Unreal Projects/encore_un_test/Content/Geometry/Map/triplanar.uasset" 39
"E:/Clement/Documents/Unreal Projects/encore_un_test/Content/Geometry/Map/Textures/Dirt/rocky_dirt1-albedo.uasset" 40
"E:/Clement/Documents/Unreal Projects/encore_un_test/Content/Geometry/Map/Textures/Dirt/rocky_dirt1-ao.uasset" 41
"E:/Clement/Documents/Unreal Projects/encore_un_test/Content/Geometry/Map/Textures/Dirt/rocky_dirt1-normal-dx.uasset" 42
"E:/Clement/Documents/Unreal Projects/encore_un_test/Content/Geometry/Map/Textures/Dirt/rocky_dirt1_Height.uasset" 43
"E:/Clement/Documents/Unreal Projects/encore_un_test/Content/Geometry/Map/Textures/Dirt/rocky_dirt1_Roughness.uasset" 44
"E:/Clement/Documents/Unreal Projects/encore_un_test/Content/Geometry/Map/Textures/Sand/SandBitmap2Material_3_Base_Color.uasset" 45
"E:/Clement/Documents/Unreal Projects/encore_un_test/Content/Geometry/Map/Textures/Sand/SandBitmap2Material_3_Normal.uasset" 46
"E:/Clement/Documents/Unreal Projects/encore_un_test/Content/Geometry/Map/Textures/Stone/layered-rock1-albedo.uasset" 47
"E:/Clement/Documents/Unreal Projects/encore_un_test/Content/Geometry/Map/Textures/Stone/layered-rock1-normal-dx.uasset" 48
"E:/Clement/Documents/Unreal Projects/encore_un_test/Content/Geometry/Map/Textures/Stone/layered-rock1-rough.uasset" 49
"E:/Clement/Documents/Unreal Projects/encore_un_test/Content/Geometry/Map/map_material.uasset" 50
"E:/Clement/Documents/Unreal Projects/encore_un_test/Content/Geometry/Map/map_meshe.uasset" 51
"E:/Clement/Documents/Unreal Projects/encore_un_test/Content/Geometry/Map/MP_Map.uasset" 52
"E:/Clement/Documents/Unreal Projects/encore_un_test/Content/Geometry/Map/grass/flowers/flower1_Plan.uasset" 53
"../../../Engine/Content/EngineMaterials/T_Default_Material_Grid_M.uasset" 54
"../../../Engine/Content/EngineMaterials/T_Default_Material_Grid_N.uasset" 55
"../../../Engine/Content/EngineMaterials/WorldGridMaterial.uasset" 56
"E:/Clement/Documents/Unreal Projects/encore_un_test/Content/Geometry/Map/grass/flowers/flower1_Plan_1.uasset" 57
"E:/Clement/Documents/Unreal Projects/encore_un_test/Content/Geometry/Map/Textures/Dirt/rocky_dirt1-metallic.uasset" 58
"E:/Clement/Documents/Unreal Projects/encore_un_test/Content/Geometry/Map/Textures/Sand/SandBitmap2Material_3_Ambient_Occlusion.uasset" 59
"E:/Clement/Documents/Unreal Projects/encore_un_test/Content/Geometry/Map/Textures/Sand/SandBitmap2Material_3_Roughness.uasset" 60
"E:/Clement/Documents/Unreal Projects/encore_un_test/Content/Geometry/Map/Textures/Sand/SandBitmap2Material_3_Roughness_channels_RGB.uasset" 61
"E:/Clement/Documents/Unreal Projects/encore_un_test/Content/Geometry/Map/Tree/potted_tree_leaves.uasset" 62
"E:/Clement/Documents/Unreal Projects/encore_un_test/Content/Geometry/Map/Tree/Foliage_material.uasset" 63
"E:/Clement/Documents/Unreal Projects/encore_un_test/Content/Geometry/Map/Tree/Foliage_material_Inst.uasset" 64
"E:/Clement/Documents/Unreal Projects/encore_un_test/Content/Geometry/Map/Tree/Foliage.uasset" 65
"E:/Clement/Documents/Unreal Projects/encore_un_test/Content/Geometry/Map/Tree/foliage_texture.uasset" 66
"E:/Clement/Documents/Unreal Projects/encore_un_test/Content/Geometry/Map/Tree/Trunk.uasset" 67
"E:/Clement/Documents/Unreal Projects/encore_un_test/Content/Mannequin/Character/Mesh/UE4_Mannequin_Skeleton.uasset" 68
"E:/Clement/Documents/Unreal Projects/encore_un_test/Content/Mannequin/Animations/ThirdPersonJump_End.uasset" 69
"E:/Clement/Documents/Unreal Projects/encore_un_test/Content/Player/eve_j_gonzales_Skeleton.uasset" 70
"E:/Clement/Documents/Unreal Projects/encore_un_test/Content/Player/eve_j_gonzales_Anim_mixamo_com.uasset" 71
"E:/Clement/Documents/Unreal Projects/encore_un_test/Content/Player/eve_j_gonzales_Anim_Take_001.uasset" 72
"E:/Clement/Documents/Unreal Projects/encore_un_test/Content/PNJ/Ennemies/Troll/Troll_Skeleton.uasset" 73
"E:/Clement/Documents/Unreal Projects/encore_un_test/Content/PNJ/Ennemies/Troll/fortnite_dance_Anim.uasset" 74
"E:/Clement/Documents/Unreal Projects/encore_un_test/Content/PNJ/Ennemies/Troll/idle.uasset" 75
"E:/Clement/Documents/Unreal Projects/encore_un_test/Content/PNJ/Ennemies/Troll/Dance_BlendSpace1D.uasset" 76
"../../../Engine/Content/EditorBlueprintResources/StandardMacros.uasset" 77
"E:/Clement/Documents/Unreal Projects/encore_un_test/Content/RoboBars/DemoRoom/BluePrint/BPInterface_Button.uasset" 78
"E:/Clement/Documents/Unreal Projects/encore_un_test/Content/RoboBars/DemoRoom/Materials/M_Button.uasset" 79
"E:/Clement/Documents/Unreal Projects/encore_un_test/Content/RoboBars/DemoRoom/Materials/M_Button_Inst.uasset" 80
"E:/Clement/Documents/Unreal Projects/encore_un_test/Content/RoboBars/DemoRoom/Materials/M_Button_Chrome.uasset" 81
"E:/Clement/Documents/Unreal Projects/encore_un_test/Content/RoboBars/DemoRoom/Materials/M_DemoWall.uasset" 82
"E:/Clement/Documents/Unreal Projects/encore_un_test/Content/RoboBars/DemoRoom/Materials/M_DemoWall_Inst.uasset" 83
"E:/Clement/Documents/Unreal Projects/encore_un_test/Content/RoboBars/DemoRoom/Materials/M_DemoWall_Inst_3.uasset" 84
"E:/Clement/Documents/Unreal Projects/encore_un_test/Content/RoboBars/DemoRoom/Meshes/SM_Button.uasset" 85
"E:/Clement/Documents/Unreal Projects/encore_un_test/Content/RoboBars/DemoRoom/BluePrint/BP_DemoTrigger.uasset" 86
"E:/Clement/Documents/Unreal Projects/encore_un_test/Content/RoboBars/DemoRoom/Materials/M_DemoWall_Inst2.uasset" 87
"E:/Clement/Documents/Unreal Projects/encore_un_test/Content/RoboBars/DemoRoom/Materials/M_DemoWall_Inst_NamePlate.uasset" 88
"E:/Clement/Documents/Unreal Projects/encore_un_test/Content/RoboBars/DemoRoom/Materials/M_DemoWall_Inst_BaseFloor_Inst.uasset" 89
"E:/Clement/Documents/Unreal Projects/encore_un_test/Content/RoboBars/DemoRoom/Meshes/SM_Base.uasset" 90
"E:/Clement/Documents/Unreal Projects/encore_un_test/Content/RoboBars/DemoRoom/Meshes/SM_Base_FlatWall.uasset" 91
"E:/Clement/Documents/Unreal Projects/encore_un_test/Content/RoboBars/DemoRoom/BluePrint/RoomDescription.uasset" 92
"E:/Clement/Documents/Unreal Projects/encore_un_test/Content/RoboBars/DemoRoom/Textures/T_Pattern_M.uasset" 93
"E:/Clement/Documents/Unreal Projects/encore_un_test/Content/RoboBars/DemoRoom/Materials/M_DemoAnimated.uasset" 94
"E:/Clement/Documents/Unreal Projects/encore_un_test/Content/RoboBars/DemoRoom/Materials/M_DemoAnimated_Inst.uasset" 95
"E:/Clement/Documents/Unreal Projects/encore_un_test/Content/RoboBars/DemoRoom/Materials/M_DemoAnimated_Vertex.uasset" 96
"E:/Clement/Documents/Unreal Projects/encore_un_test/Content/RoboBars/DemoRoom/Textures/T_UnrealEngineDecal.uasset" 97
"E:/Clement/Documents/Unreal Projects/encore_un_test/Content/RoboBars/DemoRoom/Materials/M_DemoLightFunktion.uasset" 98
"E:/Clement/Documents/Unreal Projects/encore_un_test/Content/RoboBars/DemoRoom/Materials/M_DemoLightFunktion_Inst.uasset" 99
"E:/Clement/Documents/Unreal Projects/encore_un_test/Content/RoboBars/DemoRoom/Materials/M_DemoMinRoughnesS_Inst.uasset" 100
"E:/Clement/Documents/Unreal Projects/encore_un_test/Content/RoboBars/DemoRoom/Textures/T_RoomTiles_M.uasset" 101
"E:/Clement/Documents/Unreal Projects/encore_un_test/Content/RoboBars/DemoRoom/Textures/T_RoomTiles_N.uasset" 102
"E:/Clement/Documents/Unreal Projects/encore_un_test/Content/RoboBars/DemoRoom/Materials/M_DemoRoomTiles.uasset" 103
"E:/Clement/Documents/Unreal Projects/encore_un_test/Content/RoboBars/DemoRoom/Materials/M_DemoRoomTiles_Inst.uasset" 104
"E:/Clement/Documents/Unreal Projects/encore_un_test/Content/RoboBars/DemoRoom/Materials/M_DemoRoomTiles_Inst_Color1.uasset" 105
"E:/Clement/Documents/Unreal Projects/encore_un_test/Content/RoboBars/DemoRoom/Materials/M_DemoRoomTiles_Inst_Color2.uasset" 106
"E:/Clement/Documents/Unreal Projects/encore_un_test/Content/RoboBars/DemoRoom/Materials/M_DemoRoomTiles_Inst_Color3.uasset" 107
"E:/Clement/Documents/Unreal Projects/encore_un_test/Content/RoboBars/DemoRoom/Materials/M_DemoRoomTiles_Inst_Color5_Inst.uasset" 108
"E:/Clement/Documents/Unreal Projects/encore_un_test/Content/RoboBars/DemoRoom/Materials/M_Emissive.uasset" 109
"E:/Clement/Documents/Unreal Projects/encore_un_test/Content/RoboBars/DemoRoom/Materials/M_Emissive_1.uasset" 110
"E:/Clement/Documents/Unreal Projects/encore_un_test/Content/RoboBars/DemoRoom/Materials/M_Emissive_2.uasset" 111
"E:/Clement/Documents/Unreal Projects/encore_un_test/Content/RoboBars/DemoRoom/Materials/M_Gradient.uasset" 112
"E:/Clement/Documents/Unreal Projects/encore_un_test/Content/RoboBars/DemoRoom/Materials/M_Gradient_Green.uasset" 113
"E:/Clement/Documents/Unreal Projects/encore_un_test/Content/RoboBars/DemoRoom/Materials/M_Gradient_Blue.uasset" 114
"E:/Clement/Documents/Unreal Projects/encore_un_test/Content/RoboBars/DemoRoom/Materials/M_Gradient_Red.uasset" 115
"E:/Clement/Documents/Unreal Projects/encore_un_test/Content/RoboBars/DemoRoom/Materials/M_Gradient_EmissiveOverbright.uasset" 116
"E:/Clement/Documents/Unreal Projects/encore_un_test/Content/RoboBars/DemoRoom/Materials/M_LightSculpture.uasset" 117
"E:/Clement/Documents/Unreal Projects/encore_un_test/Content/RoboBars/DemoRoom/Materials/M_LightSculpture_Red.uasset" 118
"E:/Clement/Documents/Unreal Projects/encore_un_test/Content/RoboBars/DemoRoom/Materials/M_LightSculpture_Green.uasset" 119
"E:/Clement/Documents/Unreal Projects/encore_un_test/Content/RoboBars/DemoRoom/Materials/M_LightSculpture_Blue.uasset" 120
"E:/Clement/Documents/Unreal Projects/encore_un_test/Content/RoboBars/DemoRoom/Materials/M_ReflectionDemo_MAT.uasset" 121
"E:/Clement/Documents/Unreal Projects/encore_un_test/Content/RoboBars/DemoRoom/Materials/M_ReflectionDemo_1.uasset" 122
"E:/Clement/Documents/Unreal Projects/encore_un_test/Content/RoboBars/DemoRoom/Materials/M_ReflectionDemo_2.uasset" 123
"E:/Clement/Documents/Unreal Projects/encore_un_test/Content/RoboBars/DemoRoom/Materials/M_ReflectionDemo_3.uasset" 124
"E:/Clement/Documents/Unreal Projects/encore_un_test/Content/RoboBars/DemoRoom/Materials/M_ReflectionDemo_Metallic_1.uasset" 125
"E:/Clement/Documents/Unreal Projects/encore_un_test/Content/RoboBars/DemoRoom/Materials/M_ReflectionDemo_Metallic_2.uasset" 126
"E:/Clement/Documents/Unreal Projects/encore_un_test/Content/RoboBars/DemoRoom/Materials/M_ReflectionDemo_Metallic_3.uasset" 127
"E:/Clement/Documents/Unreal Projects/encore_un_test/Content/RoboBars/DemoRoom/Textures/NewTextureRenderTarget2D.uasset" 128
"E:/Clement/Documents/Unreal Projects/encore_un_test/Content/RoboBars/DemoRoom/Materials/M_SceneCapture2d.uasset" 129
"E:/Clement/Documents/Unreal Projects/encore_un_test/Content/RoboBars/DemoRoom/Textures/NewTextureRenderTargetCube.uasset" 130
"E:/Clement/Documents/Unreal Projects/encore_un_test/Content/RoboBars/DemoRoom/Materials/M_SceneCaptureCube.uasset" 131
"E:/Clement/Documents/Unreal Projects/encore_un_test/Content/RoboBars/DemoRoom/Materials/M_TestSky.uasset" 132
"E:/Clement/Documents/Unreal Projects/encore_un_test/Content/RoboBars/DemoRoom/Materials/M_TestSky_Inst.uasset" 133
"E:/Clement/Documents/Unreal Projects/encore_un_test/Content/RoboBars/DemoRoom/Meshes/SM_BaseTrimSquare.uasset" 134
"E:/Clement/Documents/Unreal Projects/encore_un_test/Content/RoboBars/DemoRoom/Materials/M_DemoWallPattern.uasset" 135
"E:/Clement/Documents/Unreal Projects/encore_un_test/Content/RoboBars/DemoRoom/Materials/M_DemoWallPattern_Inst.uasset" 136
"E:/Clement/Documents/Unreal Projects/encore_un_test/Content/RoboBars/DemoRoom/Materials/M_DemoWallPattern_NoText.uasset" 137
"E:/Clement/Documents/Unreal Projects/encore_un_test/Content/RoboBars/DemoRoom/Meshes/SM_DemoCube.uasset" 138
"E:/Clement/Documents/Unreal Projects/encore_un_test/Content/RoboBars/DemoRoom/Meshes/SM_DemoPlate.uasset" 139
"E:/Clement/Documents/Unreal Projects/encore_un_test/Content/RoboBars/DemoRoom/Meshes/SM_DemoRoomBox.uasset" 140
"E:/Clement/Documents/Unreal Projects/encore_un_test/Content/RoboBars/DemoRoom/Meshes/SM_DemoSurface.uasset" 141
"E:/Clement/Documents/Unreal Projects/encore_un_test/Content/RoboBars/DemoRoom/Materials/M_GlasDoor.uasset" 142
"E:/Clement/Documents/Unreal Projects/encore_un_test/Content/RoboBars/DemoRoom/Materials/M_GlasDoor_Inst.uasset" 143
"E:/Clement/Documents/Unreal Projects/encore_un_test/Content/RoboBars/DemoRoom/Meshes/SM_Door.uasset" 144
"E:/Clement/Documents/Unreal Projects/encore_un_test/Content/RoboBars/DemoRoom/Textures/T_UE4_Logo_M.uasset" 145
"E:/Clement/Documents/Unreal Projects/encore_un_test/Content/RoboBars/DemoRoom/Materials/M_UE4_Logo_Doors.uasset" 146
"E:/Clement/Documents/Unreal Projects/encore_un_test/Content/RoboBars/DemoRoom/Materials/M_UE4_Logo_Door.uasset" 147
"E:/Clement/Documents/Unreal Projects/encore_un_test/Content/RoboBars/DemoRoom/Meshes/SM_DoorLock.uasset" 148
"E:/Clement/Documents/Unreal Projects/encore_un_test/Content/RoboBars/DemoRoom/Meshes/SM_GraphFrame.uasset" 149
"E:/Clement/Documents/Unreal Projects/encore_un_test/Content/RoboBars/DemoRoom/Meshes/SM_LightSculpture.uasset" 150
"E:/Clement/Documents/Unreal Projects/encore_un_test/Content/RoboBars/DemoRoom/Meshes/SM_Slider1.uasset" 151
"E:/Clement/Documents/Unreal Projects/encore_un_test/Content/RoboBars/DemoRoom/Meshes/SM_SliderBase.uasset" 152
"E:/Clement/Documents/Unreal Projects/encore_un_test/Content/RoboBars/DemoRoom/Materials/M_UE4_Logo_2.uasset" 153
"E:/Clement/Documents/Unreal Projects/encore_un_test/Content/RoboBars/DemoRoom/Meshes/SM_UE4_Logo.uasset" 154
"../../../Engine/Content/Functions/Engine_MaterialFunctions02/Utility/BreakOutFloat2Components.uasset" 155
"../../../Engine/Content/ArtTools/RenderToTexture/MaterialFunctions/CheckerPattern.uasset" 156
"../../../Engine/Content/Functions/Engine_MaterialFunctions02/Utility/BreakOutFloat4Components.uasset" 157
"../../../Engine/Content/Functions/Engine_MaterialFunctions02/Utility/MakeFloat2.uasset" 158
"../../../Engine/Content/Functions/Engine_MaterialFunctions02/Utility/Swizzle.uasset" 159
"../../../Engine/Content/Functions/Engine_MaterialFunctions02/Utility/VectorLength.uasset" 160
"E:/Clement/Documents/Unreal Projects/encore_un_test/Content/RoboBars/Functins/MF_SMin.uasset" 161
"E:/Clement/Documents/Unreal Projects/encore_un_test/Content/RoboBars/Functins/MF_SMin2.uasset" 162
"E:/Clement/Documents/Unreal Projects/encore_un_test/Content/RoboBars/Functins/MF_SmoothStepWidth.uasset" 163
"E:/Clement/Documents/Unreal Projects/encore_un_test/Content/RoboBars/Functins/MF_Translcent.uasset" 164
"E:/Clement/Documents/Unreal Projects/encore_un_test/Content/RoboBars/Functins/MF_TriangleWave.uasset" 165
"E:/Clement/Documents/Unreal Projects/encore_un_test/Content/RoboBars/Textures/Gloss/T_Gloss_Light.uasset" 166
"E:/Clement/Documents/Unreal Projects/encore_un_test/Content/RoboBars/Materials/MF_Layers.uasset" 167
"E:/Clement/Documents/Unreal Projects/encore_un_test/Content/RoboBars/Textures/Patterns/T_PatternHeart.uasset" 168
"E:/Clement/Documents/Unreal Projects/encore_un_test/Content/RoboBars/Materials/MF_Rect.uasset" 169
"E:/Clement/Documents/Unreal Projects/encore_un_test/Content/RoboBars/Materials/M_SurfaceRectBar.uasset" 170
"E:/Clement/Documents/Unreal Projects/encore_un_test/Content/RoboBars/Materials/MI_SurfaceRectBar.uasset" 171
"E:/Clement/Documents/Unreal Projects/encore_un_test/Content/RoboBars/Textures/Gloss/T_Gloss_Dark.uasset" 172
"E:/Clement/Documents/Unreal Projects/encore_un_test/Content/RoboBars/Materials/ExamplesSurface/MI_Tutorial.uasset" 173
"E:/Clement/Documents/Unreal Projects/encore_un_test/Content/StarterContent/Materials/M_Basic_Wall.uasset" 174
"E:/Clement/Documents/Unreal Projects/encore_un_test/Content/StarterContent/Architecture/Pillar_50x500.uasset" 175
"E:/Clement/Documents/Unreal Projects/encore_un_test/Content/StarterContent/Architecture/Wall_400x300.uasset" 176
"E:/Clement/Documents/Unreal Projects/encore_un_test/Content/StarterContent/Architecture/Wall_400x400.uasset" 177
"E:/Clement/Documents/Unreal Projects/encore_un_test/Content/StarterContent/Architecture/Wall_500x500.uasset" 178
"E:/Clement/Documents/Unreal Projects/encore_un_test/Content/StarterContent/Architecture/Wall_Door_400x400.uasset" 179
"E:/Clement/Documents/Unreal Projects/encore_un_test/Content/StarterContent/Architecture/Wall_Window_400x400.uasset" 180
"E:/Clement/Documents/Unreal Projects/encore_un_test/Content/StarterContent/Audio/Collapse01.uasset" 181
"E:/Clement/Documents/Unreal Projects/encore_un_test/Content/StarterContent/Audio/Collapse02.uasset" 182
"E:/Clement/Documents/Unreal Projects/encore_un_test/Content/StarterContent/Audio/Explosion01.uasset" 183
"E:/Clement/Documents/Unreal Projects/encore_un_test/Content/StarterContent/Audio/Explosion02.uasset" 184
"E:/Clement/Documents/Unreal Projects/encore_un_test/Content/StarterContent/Audio/Fire01.uasset" 185
"E:/Clement/Documents/Unreal Projects/encore_un_test/Content/StarterContent/Audio/Fire_Sparks01.uasset" 186
"E:/Clement/Documents/Unreal Projects/encore_un_test/Content/StarterContent/Audio/Light01.uasset" 187
"E:/Clement/Documents/Unreal Projects/encore_un_test/Content/StarterContent/Audio/Light01_Cue.uasset" 188
"E:/Clement/Documents/Unreal Projects/encore_un_test/Content/StarterContent/Audio/Light02.uasset" 189
"E:/Clement/Documents/Unreal Projects/encore_un_test/Content/StarterContent/Audio/Light02_Cue.uasset" 190
"E:/Clement/Documents/Unreal Projects/encore_un_test/Content/StarterContent/Audio/Smoke01.uasset" 191
"E:/Clement/Documents/Unreal Projects/encore_un_test/Content/StarterContent/Audio/Starter_Birds01.uasset" 192
"E:/Clement/Documents/Unreal Projects/encore_un_test/Content/StarterContent/Audio/Starter_Music01.uasset" 193
"E:/Clement/Documents/Unreal Projects/encore_un_test/Content/StarterContent/Audio/Starter_Wind05.uasset" 194
"E:/Clement/Documents/Unreal Projects/encore_un_test/Content/StarterContent/Audio/Starter_Wind06.uasset" 195
"E:/Clement/Documents/Unreal Projects/encore_un_test/Content/StarterContent/Audio/Steam01.uasset" 196
"E:/Clement/Documents/Unreal Projects/encore_un_test/Content/StarterContent/Audio/Explosion_Cue.uasset" 197
"E:/Clement/Documents/Unreal Projects/encore_un_test/Content/StarterContent/Textures/T_Burst_M.uasset" 198
"E:/Clement/Documents/Unreal Projects/encore_un_test/Content/StarterContent/Particles/Materials/M_Burst.uasset" 199
"E:/Clement/Documents/Unreal Projects/encore_un_test/Content/StarterContent/Textures/T_Explosion_SubUV.uasset" 200
"E:/Clement/Documents/Unreal Projects/encore_un_test/Content/StarterContent/Particles/Materials/M_explosion_subUV.uasset" 201
"E:/Clement/Documents/Unreal Projects/encore_un_test/Content/StarterContent/Particles/Materials/m_flare_01.uasset" 202
"../../../Engine/Content/Functions/Engine_MaterialFunctions01/Gradient/RadialGradient.uasset" 203
"E:/Clement/Documents/Unreal Projects/encore_un_test/Content/StarterContent/Particles/Materials/M_radial_ramp.uasset" 204
"E:/Clement/Documents/Unreal Projects/encore_un_test/Content/StarterContent/Textures/T_Smoke_SubUV.uasset" 205
"E:/Clement/Documents/Unreal Projects/encore_un_test/Content/StarterContent/Textures/T_Smoke_Tiled_D.uasset" 206
"E:/Clement/Documents/Unreal Projects/encore_un_test/Content/StarterContent/Particles/Materials/M_smoke_subUV.uasset" 207
"E:/Clement/Documents/Unreal Projects/encore_un_test/Content/StarterContent/Particles/P_Explosion.uasset" 208
"E:/Clement/Documents/Unreal Projects/encore_un_test/Content/StarterContent/Blueprints/Blueprint_Effect_Explosion.uasset" 209
"../../../Engine/Content/EditorMeshes/ColorCalibrator/T_ColorGrid.uasset" 210
"E:/Clement/Documents/Unreal Projects/encore_un_test/Content/StarterContent/Materials/M_ColorGrid_LowSpec.uasset" 211
"E:/Clement/Documents/Unreal Projects/encore_un_test/Content/StarterContent/Materials/volume.uasset" 212
"E:/Clement/Documents/Unreal Projects/encore_un_test/Content/StarterContent/Textures/T_Bush_D.uasset" 213
"E:/Clement/Documents/Unreal Projects/encore_un_test/Content/StarterContent/Textures/T_Bush_N.uasset" 214
"E:/Clement/Documents/Unreal Projects/encore_un_test/Content/StarterContent/Props/Materials/M_Bush.uasset" 215
"E:/Clement/Documents/Unreal Projects/encore_un_test/Content/StarterContent/Props/SM_Bush.uasset" 216
"E:/Clement/Documents/Unreal Projects/encore_un_test/Content/StarterContent/Textures/T_Chair_M.uasset" 217
"E:/Clement/Documents/Unreal Projects/encore_un_test/Content/StarterContent/Textures/T_Chair_N.uasset" 218
"E:/Clement/Documents/Unreal Projects/encore_un_test/Content/StarterContent/Props/Materials/M_Chair.uasset" 219
"E:/Clement/Documents/Unreal Projects/encore_un_test/Content/StarterContent/Props/SM_Couch.uasset" 220
"E:/Clement/Documents/Unreal Projects/encore_un_test/Content/StarterContent/Materials/M_Glass.uasset" 221
"E:/Clement/Documents/Unreal Projects/encore_un_test/Content/StarterContent/Textures/T_Door_M.uasset" 222
"E:/Clement/Documents/Unreal Projects/encore_un_test/Content/StarterContent/Textures/T_Door_N.uasset" 223
"E:/Clement/Documents/Unreal Projects/encore_un_test/Content/StarterContent/Props/Materials/M_Door.uasset" 224
"E:/Clement/Documents/Unreal Projects/encore_un_test/Content/StarterContent/Props/SM_Door.uasset" 225
"E:/Clement/Documents/Unreal Projects/encore_un_test/Content/StarterContent/Props/Materials/M_MaterialSphere.uasset" 226
"E:/Clement/Documents/Unreal Projects/encore_un_test/Content/StarterContent/Props/Materials/M_MaterialSphere_Plain.uasset" 227
"E:/Clement/Documents/Unreal Projects/encore_un_test/Content/StarterContent/Props/SM_MatPreviewMesh_02.uasset" 228
"E:/Clement/Documents/Unreal Projects/encore_un_test/Content/StarterContent/Textures/T_Shelf_M.uasset" 229
"E:/Clement/Documents/Unreal Projects/encore_un_test/Content/StarterContent/Textures/T_Shelf_N.uasset" 230
"E:/Clement/Documents/Unreal Projects/encore_un_test/Content/StarterContent/Props/Materials/M_Shelf.uasset" 231
"E:/Clement/Documents/Unreal Projects/encore_un_test/Content/StarterContent/Props/SM_Shelf.uasset" 232
"E:/Clement/Documents/Unreal Projects/encore_un_test/Content/StarterContent/Materials/M_Basic_Floor.uasset" 233
"E:/Clement/Documents/Unreal Projects/encore_un_test/Content/StarterContent/Props/SM_Stairs.uasset" 234
"E:/Clement/Documents/Unreal Projects/encore_un_test/Content/StarterContent/Shapes/Shape_Cone.uasset" 235
"E:/Clement/Documents/Unreal Projects/encore_un_test/Content/StarterContent/Shapes/Shape_Cylinder.uasset" 236
"E:/Clement/Documents/Unreal Projects/encore_un_test/Content/StarterContent/Shapes/Shape_NarrowCapsule.uasset" 237
"E:/Clement/Documents/Unreal Projects/encore_un_test/Content/StarterContent/Shapes/Shape_Pipe.uasset" 238
"E:/Clement/Documents/Unreal Projects/encore_un_test/Content/StarterContent/Shapes/Shape_Pipe_180.uasset" 239
"E:/Clement/Documents/Unreal Projects/encore_un_test/Content/StarterContent/Shapes/Shape_Pipe_90.uasset" 240
"E:/Clement/Documents/Unreal Projects/encore_un_test/Content/StarterContent/Shapes/Shape_Plane.uasset" 241
"E:/Clement/Documents/Unreal Projects/encore_un_test/Content/StarterContent/Shapes/Shape_Torus.uasset" 242
"E:/Clement/Documents/Unreal Projects/encore_un_test/Content/StarterContent/Shapes/Shape_Trim.uasset" 243
"E:/Clement/Documents/Unreal Projects/encore_un_test/Content/StarterContent/Shapes/Shape_Trim_90_In.uasset" 244
"E:/Clement/Documents/Unreal Projects/encore_un_test/Content/StarterContent/Shapes/Shape_Trim_90_Out.uasset" 245
"E:/Clement/Documents/Unreal Projects/encore_un_test/Content/StarterContent/Shapes/Shape_TriPyramid.uasset" 246
"E:/Clement/Documents/Unreal Projects/encore_un_test/Content/StarterContent/Shapes/Shape_Tube.uasset" 247
"E:/Clement/Documents/Unreal Projects/encore_un_test/Content/StarterContent/Shapes/Shape_Wedge_A.uasset" 248
"E:/Clement/Documents/Unreal Projects/encore_un_test/Content/StarterContent/Shapes/Shape_Wedge_B.uasset" 249
"E:/Clement/Documents/Unreal Projects/encore_un_test/Content/StarterContent/Shapes/Shape_WideCapsule.uasset" 250
"E:/Clement/Documents/Unreal Projects/encore_un_test/Content/ThirdPerson/Meshes/RampMaterial.uasset" 251
"E:/Clement/Documents/Unreal Projects/encore_un_test/Content/ThirdPerson/Meshes/Bump_StaticMesh.uasset" 252
"E:/Clement/Documents/Unreal Projects/encore_un_test/Content/ThirdPerson/Meshes/LeftArm_StaticMesh.uasset" 253
"E:/Clement/Documents/Unreal Projects/encore_un_test/Content/ThirdPerson/Meshes/Linear_Stair_StaticMesh.uasset" 254
"E:/Clement/Documents/Unreal Projects/encore_un_test/Content/ThirdPerson/Meshes/Ramp_StaticMesh.uasset" 255
"E:/Clement/Documents/Unreal Projects/encore_un_test/Content/ThirdPerson/Meshes/RightArm_StaticMesh.uasset" 256
"E:/Clement/Documents/Unreal Projects/encore_un_test/Content/Mannequin/Animations/ThirdPerson_Jump.uasset" 257
"E:/Clement/Documents/Unreal Projects/encore_un_test/Content/Mannequin/Animations/ThirdPersonJump_Loop.uasset" 258
"E:/Clement/Documents/Unreal Projects/encore_un_test/Content/Mannequin/Animations/ThirdPersonJump_Start.uasset" 259
"E:/Clement/Documents/Unreal Projects/encore_un_test/Content/Mannequin/Animations/ThirdPersonIdle.uasset" 260
"E:/Clement/Documents/Unreal Projects/encore_un_test/Content/Mannequin/Animations/ThirdPersonRun.uasset" 261
"E:/Clement/Documents/Unreal Projects/encore_un_test/Content/Mannequin/Animations/ThirdPersonWalk.uasset" 262
"E:/Clement/Documents/Unreal Projects/encore_un_test/Content/Mannequin/Animations/ThirdPerson_IdleRun_2D.uasset" 263
"E:/Clement/Documents/Unreal Projects/encore_un_test/Content/Mannequin/Animations/ThirdPerson_AnimBP.uasset" 264
"E:/Clement/Documents/Unreal Projects/encore_un_test/Content/Environment/Sky/Clouds_parameter.uasset" 265
"E:/Clement/Documents/Unreal Projects/encore_un_test/Content/Environment/Weather/rain/M_Rain_PostProcess.uasset" 266
"../../../Engine/Content/Functions/Engine_MaterialFunctions01/Density/ExponentialDensity.uasset" 267
"../../../Engine/Content/Functions/Engine_MaterialFunctions01/Gradient/RadialGradientExponential.uasset" 268
"E:/Clement/Documents/Unreal Projects/encore_un_test/Content/Environment/Weather/rain/raintexture.uasset" 269
"E:/Clement/Documents/Unreal Projects/encore_un_test/Content/Environment/Weather/rain/M_Rain.uasset" 270
"E:/Clement/Documents/Unreal Projects/encore_un_test/Content/Environment/Weather/rain/rain.uasset" 271
"E:/Clement/Documents/Unreal Projects/encore_un_test/Content/Environment/Weather/BP_Weather.uasset" 272
"E:/Clement/Documents/Unreal Projects/encore_un_test/Content/Player/Animation/Dying.uasset" 273
"E:/Clement/Documents/Unreal Projects/encore_un_test/Content/Player/Animation/Falling_Idle.uasset" 274
"E:/Clement/Documents/Unreal Projects/encore_un_test/Content/Player/Animation/Jumping_Down.uasset" 275
"E:/Clement/Documents/Unreal Projects/encore_un_test/Content/Player/Animation/Jumping_Up.uasset" 276
"E:/Clement/Documents/Unreal Projects/encore_un_test/Content/Player/Animation/Idle.uasset" 277
"E:/Clement/Documents/Unreal Projects/encore_un_test/Content/Player/Animation/Running_1.uasset" 278
"E:/Clement/Documents/Unreal Projects/encore_un_test/Content/Player/Animation/Running_2.uasset" 279
"E:/Clement/Documents/Unreal Projects/encore_un_test/Content/Player/Animation/Walking.uasset" 280
"E:/Clement/Documents/Unreal Projects/encore_un_test/Content/Player/BS_eve.uasset" 281
"E:/Clement/Documents/Unreal Projects/encore_un_test/Content/Player/Animation/Crouched_Walking.uasset" 282
"E:/Clement/Documents/Unreal Projects/encore_un_test/Content/Player/Animation/Crouching_Idle.uasset" 283
"E:/Clement/Documents/Unreal Projects/encore_un_test/Content/Player/BS_eve_crounch.uasset" 284
"E:/Clement/Documents/Unreal Projects/encore_un_test/Content/Player/Anim_eve.uasset" 285
"E:/Clement/Documents/Unreal Projects/encore_un_test/Content/BP_saveGame.uasset" 286
"E:/Clement/Documents/Unreal Projects/encore_un_test/Content/HUD/GameOver.uasset" 287
"E:/Clement/Documents/Unreal Projects/encore_un_test/Content/RoboBars/Functins/MF_CircleBarTime.uasset" 288
"E:/Clement/Documents/Unreal Projects/encore_un_test/Content/RoboBars/Functins/MF_DivisionJumpHard.uasset" 289
"E:/Clement/Documents/Unreal Projects/encore_un_test/Content/RoboBars/Materials/MF_Circle.uasset" 290
"E:/Clement/Documents/Unreal Projects/encore_un_test/Content/RoboBars/Materials/M_UmgCircleBar.uasset" 291
"E:/Clement/Documents/Unreal Projects/encore_un_test/Content/RoboBars/Materials/MI_UmgCircleBar.uasset" 292
"E:/Clement/Documents/Unreal Projects/encore_un_test/Content/RoboBars/Materials/ExamplesUmgCircle/MI_OutlineSmall.uasset" 293
"E:/Clement/Documents/Unreal Projects/encore_un_test/Content/HUD/HUD_Gameplay.uasset" 294
"E:/Clement/Documents/Unreal Projects/encore_un_test/Content/HUD/Options.uasset" 295
"E:/Clement/Documents/Unreal Projects/encore_un_test/Content/Player/SpacePirate_diffuse.uasset" 296
"E:/Clement/Documents/Unreal Projects/encore_un_test/Content/Player/SpacePirate_normal.uasset" 297
"E:/Clement/Documents/Unreal Projects/encore_un_test/Content/Player/SpacePirate_specular.uasset" 298
"E:/Clement/Documents/Unreal Projects/encore_un_test/Content/Player/SpacePirate_M.uasset" 299
"E:/Clement/Documents/Unreal Projects/encore_un_test/Content/Player/SpacePirate_M_Inst.uasset" 300
"E:/Clement/Documents/Unreal Projects/encore_un_test/Content/Player/eve_j_gonzales_PhysicsAsset.uasset" 301
"E:/Clement/Documents/Unreal Projects/encore_un_test/Content/Player/eve_j_gonzales.uasset" 302
"E:/Clement/Documents/Unreal Projects/encore_un_test/Content/Player/BP_eve.uasset" 303
"E:/Clement/Documents/Unreal Projects/encore_un_test/Content/Environment/Sky/Clouds_color.uasset" 304
"E:/Clement/Documents/Unreal Projects/encore_un_test/Content/Environment/Sky/Fog_autumn.uasset" 305
"E:/Clement/Documents/Unreal Projects/encore_un_test/Content/Environment/Sky/Fog_spring.uasset" 306
"E:/Clement/Documents/Unreal Projects/encore_un_test/Content/Environment/Sky/Fog_summer.uasset" 307
"E:/Clement/Documents/Unreal Projects/encore_un_test/Content/Environment/Sky/Fog_winter.uasset" 308
"E:/Clement/Documents/Unreal Projects/encore_un_test/Content/Environment/Sky/HorizonColor.uasset" 309
"E:/Clement/Documents/Unreal Projects/encore_un_test/Content/Environment/Sky/SkyColor.uasset" 310
"../../../Engine/Content/Functions/Engine_MaterialFunctions02/Utility/BreakOutFloat3Components.uasset" 311
"E:/Clement/Documents/Unreal Projects/encore_un_test/Content/Environment/Sky/clouds.uasset" 312
"E:/Clement/Documents/Unreal Projects/encore_un_test/Content/Environment/Sky/M_Clouds.uasset" 313
"E:/Clement/Documents/Unreal Projects/encore_un_test/Content/Environment/Sky/M_Coulds_Shadows.uasset" 314
"E:/Clement/Documents/Unreal Projects/encore_un_test/Content/Environment/Sky/Sky_color.uasset" 315
"E:/Clement/Documents/Unreal Projects/encore_un_test/Content/Environment/Sky/M_Sky.uasset" 316
"E:/Clement/Documents/Unreal Projects/encore_un_test/Content/Environment/Sky/M_Sun.uasset" 317
"../../../Engine/Content/BasicShapes/Plane.uasset" 318
"../../../Engine/Content/EngineMaterials/DefaultMaterial.uasset" 319
"../../../Engine/Content/BasicShapes/Sphere.uasset" 320
"../../../Engine/Content/EditorMaterials/Thumbnails/SkySphereMaterial.uasset" 321
"E:/Clement/Documents/Unreal Projects/encore_un_test/Content/assets/Skybox.uasset" 322
"E:/Clement/Documents/Unreal Projects/encore_un_test/Content/Environment/Sky/BP_day-night.uasset" 323
"E:/Clement/Documents/Unreal Projects/encore_un_test/Content/HUD/Loading.uasset" 324
"E:/Clement/Documents/Unreal Projects/encore_un_test/Content/BP_GameInstance.uasset" 325
"E:/Clement/Documents/Unreal Projects/encore_un_test/Content/HUD/Pause.uasset" 326
"../../../Engine/Content/Functions/Engine_MaterialFunctions02/Utility/BlendAngleCorrectedNormals.uasset" 327
"../../../Engine/Content/Functions/MaterialLayerFunctions/MatLayerBlend_NormalBlend.uasset" 328
"../../../Engine/Content/Functions/MaterialLayerFunctions/MatLayerBlend_Simple.uasset" 329
"E:/Clement/Documents/Unreal Projects/encore_un_test/Content/Mannequin/Character/Materials/MaterialLayers/T_ML_Rubber_Blue_01_D.uasset" 330
"E:/Clement/Documents/Unreal Projects/encore_un_test/Content/Mannequin/Character/Materials/MaterialLayers/T_ML_Rubber_Blue_01_N.uasset" 331
"E:/Clement/Documents/Unreal Projects/encore_un_test/Content/Mannequin/Character/Materials/MaterialLayers/ML_GlossyBlack_Latex_UE4.uasset" 332
"E:/Clement/Documents/Unreal Projects/encore_un_test/Content/Mannequin/Character/Materials/MaterialLayers/ML_Plastic_Shiny_Beige.uasset" 333
"E:/Clement/Documents/Unreal Projects/encore_un_test/Content/Mannequin/Character/Textures/UE4_LOGO_CARD.uasset" 334
"E:/Clement/Documents/Unreal Projects/encore_un_test/Content/Mannequin/Character/Materials/MaterialLayers/ML_Plastic_Shiny_Beige_LOGO.uasset" 335
"E:/Clement/Documents/Unreal Projects/encore_un_test/Content/Mannequin/Character/Materials/MaterialLayers/T_ML_Aluminum01.uasset" 336
"E:/Clement/Documents/Unreal Projects/encore_un_test/Content/Mannequin/Character/Materials/MaterialLayers/T_ML_Aluminum01_N.uasset" 337
"E:/Clement/Documents/Unreal Projects/encore_un_test/Content/Mannequin/Character/Materials/MaterialLayers/ML_SoftMetal_UE4.uasset" 338
"E:/Clement/Documents/Unreal Projects/encore_un_test/Content/Mannequin/Character/Textures/UE4_Mannequin__normals.uasset" 339
"E:/Clement/Documents/Unreal Projects/encore_un_test/Content/Mannequin/Character/Textures/UE4_Mannequin_MAT_MASKA.uasset" 340
"E:/Clement/Documents/Unreal Projects/encore_un_test/Content/Mannequin/Character/Materials/M_UE4Man_Body.uasset" 341
"E:/Clement/Documents/Unreal Projects/encore_un_test/Content/Mannequin/Character/Textures/UE4Man_Logo_N.uasset" 342
"E:/Clement/Documents/Unreal Projects/encore_un_test/Content/Mannequin/Character/Materials/M_UE4Man_ChestLogo.uasset" 343
"E:/Clement/Documents/Unreal Projects/encore_un_test/Content/Mannequin/Character/Mesh/SK_Mannequin_PhysicsAsset.uasset" 344
"E:/Clement/Documents/Unreal Projects/encore_un_test/Content/Mannequin/Character/Mesh/SK_Mannequin.uasset" 345
"E:/Clement/Documents/Unreal Projects/encore_un_test/Content/ThirdPersonBP/Blueprints/ThirdPersonCharacter.uasset" 346
"E:/Clement/Documents/Unreal Projects/encore_un_test/Content/ThirdPersonBP/Blueprints/ThirdPersonGameMode.uasset" 347
"E:/Clement/Documents/Unreal Projects/encore_un_test/Content/VFX/Post_process/cel_shading.uasset" 348
"E:/Clement/Documents/Unreal Projects/encore_un_test/Content/VFX/Post_process/cel_shading_Inst.uasset" 349
"../../../Engine/Content/ArtTools/RenderToTexture/Meshes/S_1_Unit_Plane.uasset" 350
"../../../Engine/Content/BasicShapes/Cone.uasset" 351
"../../../Engine/Content/BasicShapes/Cylinder.uasset" 352
"../../../Engine/Content/EditorLandscapeResources/DataLayer.uasset" 353
"../../../Engine/Content/EditorMaterials/GizmoMaterial.uasset" 354
"../../../Engine/Content/EditorMaterials/MAT_Groups_Toggle.uasset" 355
"../../../Engine/Content/EditorMaterials/MAT_Groups_Visibility.uasset" 356
"../../../Engine/Content/EditorMaterials/PreviewShadowIndicator.uasset" 357
"../../../Engine/Content/EditorMaterials/PreviewShadowIndicatorMaterial.uasset" 358
"../../../Engine/Content/EditorMaterials/MatineeGroups/MAT_ColorTrack.uasset" 359
"../../../Engine/Content/EditorMaterials/MatineeGroups/MAT_Groups_Anim.uasset" 360
"../../../Engine/Content/EditorMaterials/MatineeGroups/MAT_Groups_AudioMaster.uasset" 361
"../../../Engine/Content/EditorMaterials/MatineeGroups/MAT_Groups_Director.uasset" 362
"../../../Engine/Content/EditorMaterials/MatineeGroups/MAT_Groups_Event.uasset" 363
"../../../Engine/Content/EditorMaterials/MatineeGroups/MAT_Groups_Fade.uasset" 364
"../../../Engine/Content/EditorMaterials/MatineeGroups/MAT_Groups_Float.uasset" 365
"../../../Engine/Content/EditorMaterials/MatineeGroups/MAT_Groups_Move.uasset" 366
"../../../Engine/Content/EditorMaterials/MatineeGroups/MAT_Groups_Slomo.uasset" 367
"../../../Engine/Content/EditorMaterials/MatineeGroups/MAT_Groups_Sound.uasset" 368
"../../../Engine/Content/EditorMaterials/MatineeGroups/MAT_Groups_Vector.uasset" 369
"../../../Engine/Content/EditorMaterials/ParticleSystems/PSysThumbnail_NoImage.uasset" 370
"../../../Engine/Content/EditorMaterials/ParticleSystems/PSysThumbnail_OOD.uasset" 371
"../../../Engine/Content/EditorMaterials/Camera/CineMat.uasset" 372
"../../../Engine/Content/EditorMaterials/Camera/MI_CineMat_Rig.uasset" 373
"../../../Engine/Content/EditorMeshes/Camera/SM_CraneRig_Arm.uasset" 374
"../../../Engine/Content/EditorMeshes/Camera/SM_CraneRig_Base.uasset" 375
"../../../Engine/Content/EditorMeshes/Camera/SM_CraneRig_Body.uasset" 376
"../../../Engine/Content/EditorMeshes/Camera/SM_CraneRig_Mount.uasset" 377
"../../../Engine/Content/EditorMeshes/Camera/SM_RailRig_Mount.uasset" 378
"../../../Engine/Content/EditorMeshes/Camera/SM_RailRig_Track.uasset" 379
"../../../Engine/Content/EditorResources/BSPVertex.uasset" 380
"../../../Engine/Content/EditorResources/EmptyActor.uasset" 381
"../../../Engine/Content/EditorResources/S_Actor.uasset" 382
"../../../Engine/Content/EditorResources/S_Trigger.uasset" 383
"../../../Engine/Content/EditorResources/AudioIcons/S_AudioComponent.uasset" 384
"../../../Engine/Content/EditorResources/AudioIcons/S_AudioComponent_AutoActivate.uasset" 385
"../../../Engine/Content/EditorResources/LightIcons/S_LightError.uasset" 386
"../../../Engine/Content/EditorResources/SequenceRecorder/Countdown.uasset" 387
"../../../Engine/Content/EditorResources/SequenceRecorder/RecordingIndicator.uasset" 388
"../../../Engine/Content/EditorSounds/Notifications/CompileFailed.uasset" 389
"../../../Engine/Content/EditorSounds/Notifications/CompileFailed_Cue.uasset" 390
"../../../Engine/Content/EditorSounds/Notifications/CompileSuccess.uasset" 391
"../../../Engine/Content/EditorSounds/Notifications/CompileStart_Cue.uasset" 392
"../../../Engine/Content/EditorSounds/Notifications/CompileSuccess_Cue.uasset" 393
"../../../Engine/Content/EngineDamageTypes/DmgTypeBP_Environmental.uasset" 394
"../../../Engine/Content/EngineDebugMaterials/HeatmapGradient.uasset" 395
"../../../Engine/Content/EngineDebugMaterials/BoneWeightMaterial.uasset" 396
"../../../Engine/Content/EngineDebugMaterials/ClothMaterial.uasset" 397
"../../../Engine/Content/EngineDebugMaterials/ClothMaterial_WF.uasset" 398
"../../../Engine/Content/EngineDebugMaterials/DebugEditorMaterial.uasset" 399
"../../../Engine/Content/EngineDebugMaterials/DebugMeshMaterial.uasset" 400
"../../../Engine/Content/EngineDebugMaterials/GeomMaterial.uasset" 401
"../../../Engine/Content/EngineDebugMaterials/M_SimpleTranslucent.uasset" 402
"../../../Engine/Content/EngineFonts/Faces/RobotoBold.uasset" 403
"../../../Engine/Content/EngineFonts/Faces/RobotoBoldItalic.uasset" 404
"../../../Engine/Content/EngineFonts/Faces/RobotoItalic.uasset" 405
"../../../Engine/Content/EngineFonts/Faces/RobotoLight.uasset" 406
"../../../Engine/Content/EngineFonts/Faces/RobotoRegular.uasset" 407
"../../../Engine/Content/EngineFonts/Roboto.uasset" 408
"../../../Engine/Content/EngineFonts/Faces/RobotoTiny.uasset" 409
"../../../Engine/Content/EngineFonts/RobotoTiny.uasset" 410
"../../../Engine/Content/EngineMaterials/BaseFlattenDiffuseMap.uasset" 411
"../../../Engine/Content/EngineMaterials/BaseFlattenEmissiveMap.uasset" 412
"../../../Engine/Content/EngineMaterials/BaseFlattenGrayscaleMap.uasset" 413
"../../../Engine/Content/EngineMaterials/BaseFlattenNormalMap.uasset" 414
"../../../Engine/Content/EngineMaterials/BaseFlattenMaterial.uasset" 415
"../../../Engine/Content/EngineMaterials/DefaultBloomKernel.uasset" 416
"../../../Engine/Content/EngineMaterials/DefaultBokeh.uasset" 417
"../../../Engine/Content/EngineMaterials/DefaultDiffuse.uasset" 418
"../../../Engine/Content/EngineMaterials/DefaultDeferredDecalMaterial.uasset" 419
"../../../Engine/Content/EngineMaterials/DefaultLightFunctionMaterial.uasset" 420
"../../../Engine/Content/EngineMaterials/DefaultPostProcessMaterial.uasset" 421
"../../../Engine/Content/EngineMaterials/DefaultWhiteGrid.uasset" 422
"../../../Engine/Content/EngineMaterials/EditorBrushMaterial.uasset" 423
"../../../Engine/Content/EngineMaterials/MiniFont.uasset" 424
"../../../Engine/Content/EngineMaterials/InvalidLightmapSettings.uasset" 425
"../../../Engine/Content/EngineMaterials/M_InvalidLightmapSettings.uasset" 426
"../../../Engine/Content/Functions/Engine_MaterialFunctions02/WorldPositionOffset/CameraOffset.uasset" 427
"../../../Engine/Content/EngineMaterials/PhAT_JointLimitMaterial.uasset" 428
"../../../Engine/Content/EngineMaterials/PreintegratedSkinBRDF.uasset" 429
"../../../Engine/Content/EngineMaterials/RemoveSurfaceMaterial.uasset" 430
"../../../Engine/Content/EngineMaterials/WeightMapPlaceholderTexture.uasset" 431
"../../../Engine/Content/EngineResources/WhiteSquareTexture.uasset" 432
"../../../Engine/Content/EngineMaterials/Widget3DPassThrough.uasset" 433
"../../../Engine/Content/EngineMaterials/Widget3DPassThrough_Masked.uasset" 434
"../../../Engine/Content/EngineMaterials/Widget3DPassThrough_Opaque.uasset" 435
"../../../Engine/Content/EngineMaterials/Widget3DPassThrough_Masked_OneSided.uasset" 436
"../../../Engine/Content/EngineMaterials/Widget3DPassThrough_Opaque_OneSided.uasset" 437
"../../../Engine/Content/EngineMaterials/Widget3DPassThrough_Translucent.uasset" 438
"../../../Engine/Content/EngineMaterials/Widget3DPassThrough_Translucent_OneSided.uasset" 439
"../../../Engine/Content/EngineMeshes/Cylinder.uasset" 440
"../../../Engine/Content/EngineMeshes/Sphere.uasset" 441
"../../../Engine/Content/EngineResources/Black.uasset" 442
"../../../Engine/Content/EngineResources/DefaultTexture.uasset" 443
"../../../Engine/Content/EngineResources/DefaultTextureCube.uasset" 444
"../../../Engine/Content/EngineResources/DefaultVolumeTexture2D.uasset" 445
"../../../Engine/Content/EngineResources/DefaultVolumeTexture.uasset" 446
"../../../Engine/Content/EngineResources/GradientTexture0.uasset" 447
"../../../Engine/Content/EngineSounds/Master.uasset" 448
"../../../Engine/Content/Functions/Engine_MaterialFunctions01/Shading/ConvertFromDiffSpec.uasset" 449
"../../../Engine/Content/Functions/Engine_MaterialFunctions01/Shading/PowerToRoughness.uasset" 450
"../../../Engine/Content/Maps/Templates/Thumbnails/Default.uasset" 451
"../../../Engine/Content/Maps/Templates/Thumbnails/VR-Basic.uasset" 452
"../../../Engine/Content/MobileResources/T_MobileControls_texture.uasset" 453
"../../../Engine/Content/MobileResources/T_MobileMenu2.uasset" 454
"../../../Engine/Content/MobileResources/HUD/AnalogHat.uasset" 455
"../../../Engine/Content/MobileResources/HUD/VirtualJoystick_Background.uasset" 456
"../../../Engine/Content/MobileResources/HUD/VirtualJoystick_Thumb.uasset" 457
"../../../Engine/Content/MobileResources/HUD/DefaultVirtualJoysticks.uasset" 458
"../../../Engine/Content/MobileResources/HUD/LeftVirtualJoystickOnly.uasset" 459
"../../../Engine/Content/MobileResources/HUD/MobileHUDButton1_off.uasset" 460
"../../../Engine/Content/MobileResources/HUD/MobileHUDButton1_on.uasset" 461
"../../../Engine/Content/MobileResources/HUD/MobileHUDButton2_off.uasset" 462
"../../../Engine/Content/MobileResources/HUD/MobileHUDButton2_on.uasset" 463
"../../../Engine/Content/MobileResources/HUD/MobileHUDButton3.uasset" 464
"../../../Engine/Content/MobileResources/HUD/MobileHUDButtonFire.uasset" 465
"../../../Engine/Content/MobileResources/HUD/MobileHUDDirectionPad.uasset" 466
"../../../Engine/Content/MobileResources/HUD/MobileHUDDirectionPad2.uasset" 467
"../../../Engine/Content/MobileResources/HUD/MobileHUDDirectionPad3.uasset" 468
"../../../Engine/Content/MobileResources/HUD/MobileHUDDirectionStick.uasset" 469
"../../../Engine/Content/MobileResources/HUD/T_Castle_ThumbstickInner.uasset" 470
"../../../Engine/Content/MobileResources/HUD/T_Castle_ThumbstickOutter.uasset" 471
"../../../Engine/Content/Tutorial/ContentIntroCurve.uasset" 472
"../../../Engine/Content/VREditor/LaserPointer/VR_LaserPower_01.uasset" 473
"../../../Engine/Content/VREditor/TransformGizmo/TransformGizmoMaterial.uasset" 474
"../../../Engine/Content/VREditor/TransformGizmo/TranslucentTransformGizmoMaterial.uasset" 475
"../../../Engine/Content/VREditor/TransformGizmo/BoundingBoxCorner.uasset" 476
"../../../Engine/Content/VREditor/TransformGizmo/BoundingBoxEdge.uasset" 477
"../../../Engine/Content/VREditor/TransformGizmo/PlaneTranslationHandle.uasset" 478
"../../../Engine/Content/VREditor/TransformGizmo/Main.uasset" 479
"../../../Engine/Content/VREditor/TransformGizmo/Xray.uasset" 480
"../../../Engine/Content/VREditor/TransformGizmo/SM_Sequencer_Key.uasset" 481
"../../../Engine/Content/VREditor/TransformGizmo/SM_Sequencer_Node.uasset" 482
"../../Plugins/2D/Paper2D/Content/PlaceholderTextures/DummySpriteTexture.uasset" 483
"../../Plugins/2D/Paper2D/Content/DummySprite.uasset" 484
"../../Plugins/2D/Paper2D/Content/DefaultPaperTerrainMaterial.uasset" 485
"../../Plugins/2D/Paper2D/Content/DefaultSpriteMaterial.uasset" 486
"../../Plugins/2D/Paper2D/Content/MaskedUnlitSpriteMaterial.uasset" 487
"../../Plugins/2D/Paper2D/Content/OpaqueUnlitSpriteMaterial.uasset" 488
"../../Plugins/Runtime/Oculus/OculusVR/Content/Materials/PokeAHoleMaterial.uasset" 489
"../../Plugins/Runtime/Oculus/OculusVR/Content/Textures/GearVRController_AO.uasset" 490
"../../Plugins/Runtime/Oculus/OculusVR/Content/Textures/GearVRController_Color.uasset" 491
"../../Plugins/Runtime/Oculus/OculusVR/Content/Textures/GearVRController_Normal.uasset" 492
"../../Plugins/Runtime/Oculus/OculusVR/Content/Materials/GearVRControllerMaterial.uasset" 493
"../../Plugins/Runtime/Oculus/OculusVR/Content/Meshes/GearVrController.uasset" 494
"../../Plugins/Runtime/Oculus/OculusVR/Content/Textures/touchController_albedo.uasset" 495
"../../Plugins/Runtime/Oculus/OculusVR/Content/Textures/touchController_controlmap.uasset" 496
"../../Plugins/Runtime/Oculus/OculusVR/Content/Materials/touchController_mat.uasset" 497
"../../Plugins/Runtime/Oculus/OculusVR/Content/Meshes/LeftTouchController.uasset" 498
"../../Plugins/Runtime/Oculus/OculusVR/Content/Meshes/RiftHMD.uasset" 499
"../../Plugins/Runtime/Oculus/OculusVR/Content/Meshes/RightTouchController.uasset" 500
"E:/Clement/Documents/Unreal Projects/encore_un_test/Content/Maps/Demo_lightning.umap" 501
"E:/Clement/Documents/Unreal Projects/encore_un_test/Content/Maps/Level_lightning.umap" 502
"E:/Clement/Documents/Unreal Projects/encore_un_test/Content/PNJ/Ennemies/Troll/Fortnite_default_dance_sound.uasset" 503
"E:/Clement/Documents/Unreal Projects/encore_un_test/Content/PNJ/Ennemies/Troll/Fortnite_song.uasset" 504
"E:/Clement/Documents/Unreal Projects/encore_un_test/Content/PNJ/Ennemies/Troll/Troll_AnimBlueprint.uasset" 505
"E:/Clement/Documents/Unreal Projects/encore_un_test/Content/PNJ/Ennemies/Troll/troll_texture.uasset" 506
"E:/Clement/Documents/Unreal Projects/encore_un_test/Content/PNJ/Ennemies/Troll/M_Troll.uasset" 507
"E:/Clement/Documents/Unreal Projects/encore_un_test/Content/PNJ/Ennemies/Troll/Troll_PhysicsAsset.uasset" 508
"E:/Clement/Documents/Unreal Projects/encore_un_test/Content/PNJ/Ennemies/Troll/Troll.uasset" 509
"E:/Clement/Documents/Unreal Projects/encore_un_test/Content/PNJ/Ennemies/Troll/BP_Troll.uasset" 510
"E:/Clement/Documents/Unreal Projects/encore_un_test/Content/assets/Milestone1-2.uasset" 511
"E:/Clement/Documents/Unreal Projects/encore_un_test/Content/assets/M_damages.uasset" 512
"E:/Clement/Documents/Unreal Projects/encore_un_test/Content/assets/Post_damages.uasset" 513
"../../../Engine/Content/BasicShapes/Cube.uasset" 514
"E:/Clement/Documents/Unreal Projects/encore_un_test/Content/assets/Dot_damages.uasset" 515
"E:/Clement/Documents/Unreal Projects/encore_un_test/Content/assets/Particles_damages.uasset" 516
"E:/Clement/Documents/Unreal Projects/encore_un_test/Content/Damages_zone/BP_damages.uasset" 517
"E:/Clement/Documents/Unreal Projects/encore_un_test/Content/Geometry/Map/Water/M_Water.uasset" 518
"E:/Clement/Documents/Unreal Projects/encore_un_test/Content/Geometry/Map/Water/M_Water_Inst.uasset" 519
"E:/Clement/Documents/Unreal Projects/encore_un_test/Content/Geometry/Map/Water/BP_Water.uasset" 520
"E:/Clement/Documents/Unreal Projects/encore_un_test/Content/Geometry/Map/Dirt_LayerInfo.uasset" 521
"E:/Clement/Documents/Unreal Projects/encore_un_test/Content/Geometry/Map/grass_LayerInfo.uasset" 522
"E:/Clement/Documents/Unreal Projects/encore_un_test/Content/Geometry/Map/Sand_LayerInfo.uasset" 523
"E:/Clement/Documents/Unreal Projects/encore_un_test/Content/Geometry/Map/Stone_LayerInfo.uasset" 524
"E:/Clement/Documents/Unreal Projects/encore_un_test/Content/Maps/Main_map_BuiltData.uasset" 525
"E:/Clement/Documents/Unreal Projects/encore_un_test/Content/Geometry/Map/map_material_Inst.uasset" 526
"../../../Engine/Content/EngineMaterials/DefaultPhysicalMaterial.uasset" 527
"E:/Clement/Documents/Unreal Projects/encore_un_test/Content/Geometry/Map/Particles.uasset" 528
"E:/Clement/Documents/Unreal Projects/encore_un_test/Content/Geometry/Map/Tree/bark1-albedo.uasset" 529
"E:/Clement/Documents/Unreal Projects/encore_un_test/Content/Geometry/Map/Tree/bark1-normal3.uasset" 530
"E:/Clement/Documents/Unreal Projects/encore_un_test/Content/Geometry/Map/Tree/bark1-rough.uasset" 531
"E:/Clement/Documents/Unreal Projects/encore_un_test/Content/Geometry/Map/Tree/Trunk_material.uasset" 532
"E:/Clement/Documents/Unreal Projects/encore_un_test/Content/Geometry/Map/Tree/Trunk_material_Inst.uasset" 533
"E:/Clement/Documents/Unreal Projects/encore_un_test/Content/Geometry/Map/Tree/tree.uasset" 534
"E:/Clement/Documents/Unreal Projects/encore_un_test/Content/VFX/Post_process/DirtMaskTextureExample.uasset" 535
"E:/Clement/Documents/Unreal Projects/encore_un_test/Content/Maps/Main_map.umap" 536
"E:/Clement/Documents/Unreal Projects/encore_un_test/Content/VFX/Lightning/BP_moon.uasset" 537
"../../../Engine/Content/EngineSky/C_Sky_Cloud_Color.uasset" 538
"../../../Engine/Content/EngineSky/C_Sky_Horizon_Color.uasset" 539
"../../../Engine/Content/EngineSky/C_Sky_Zenith_Color.uasset" 540
"../../../Engine/Content/EngineSky/T_Sky_Blue.uasset" 541
"../../../Engine/Content/EngineSky/T_Sky_Clouds_M.uasset" 542
"../../../Engine/Content/EngineSky/T_Sky_Stars.uasset" 543
"../../../Engine/Content/EngineSky/M_Sky_Panning_Clouds2.uasset" 544
"../../../Engine/Content/EngineSky/SM_SkySphere.uasset" 545
"E:/Clement/Documents/Unreal Projects/encore_un_test/Content/VFX/Lightning/BP_sky_t.uasset" 546
"E:/Clement/Documents/Unreal Projects/encore_un_test/Content/VFX/Post_process/bokeh.uasset" 547
"E:/Clement/Documents/Unreal Projects/encore_un_test/Content/Maps/Stream_Map.umap" 548
"E:/Clement/Documents/Unreal Projects/encore_un_test/Content/Geometry/Map/map.uasset" 549
"E:/Clement/Documents/Unreal Projects/encore_un_test/Content/Maps/Test.umap" 550
"../../../Engine/Content/BasicShapes/BasicShapeMaterial.uasset" 551
"E:/Clement/Documents/Unreal Projects/encore_un_test/Content/Maps/Test1.umap" 552
"E:/Clement/Documents/Unreal Projects/encore_un_test/Content/RoboBars/Demo/Blueprints/BP_FirstPersonCharacter.uasset" 553
"E:/Clement/Documents/Unreal Projects/encore_un_test/Content/Player/BP_main_menu.uasset" 554
"E:/Clement/Documents/Unreal Projects/encore_un_test/Content/RoboBars/Demo/Blueprints/BP_FirstPersonGameMode.uasset" 555
"../../../Engine/Content/EngineFonts/RobotoDistanceField.uasset" 556
"../../../Engine/Content/EngineMaterials/DefaultTextMaterialOpaque.uasset" 557
"E:/Clement/Documents/Unreal Projects/encore_un_test/Content/RoboBars/DemoRoom/Materials/DefaultTextMaterialTranslucentUnlit.uasset" 558
"E:/Clement/Documents/Unreal Projects/encore_un_test/Content/RoboBars/DemoRoom/BluePrint/BP_DemoDisplay_Enum.uasset" 559
"E:/Clement/Documents/Unreal Projects/encore_un_test/Content/RoboBars/DemoRoom/Meshes/SM_Base2.uasset" 560
"E:/Clement/Documents/Unreal Projects/encore_un_test/Content/RoboBars/DemoRoom/Meshes/SM_BaseRoom.uasset" 561
"E:/Clement/Documents/Unreal Projects/encore_un_test/Content/RoboBars/DemoRoom/Meshes/SM_NamePlate.uasset" 562
"E:/Clement/Documents/Unreal Projects/encore_un_test/Content/RoboBars/DemoRoom/BluePrint/BP_DemoDisplay.uasset" 563
"E:/Clement/Documents/Unreal Projects/encore_un_test/Content/RoboBars/DemoRoom/BluePrint/BP_DemoRoom_Enum.uasset" 564
"E:/Clement/Documents/Unreal Projects/encore_un_test/Content/RoboBars/DemoRoom/BluePrint/DemoRoomStruct.uasset" 565
"E:/Clement/Documents/Unreal Projects/encore_un_test/Content/RoboBars/DemoRoom/Materials/M_Glass.uasset" 566
"E:/Clement/Documents/Unreal Projects/encore_un_test/Content/RoboBars/DemoRoom/Materials/M_DemoWallPattern_Inst_Mirrored.uasset" 567
"E:/Clement/Documents/Unreal Projects/encore_un_test/Content/RoboBars/DemoRoom/Materials/M_Glass_Inst.uasset" 568
"E:/Clement/Documents/Unreal Projects/encore_un_test/Content/RoboBars/DemoRoom/Meshes/SM_DemoDivider_1.uasset" 569
"E:/Clement/Documents/Unreal Projects/encore_un_test/Content/RoboBars/DemoRoom/Meshes/SM_DemoDivider_2.uasset" 570
"E:/Clement/Documents/Unreal Projects/encore_un_test/Content/RoboBars/DemoRoom/Meshes/SM_DemoRoomBackWall.uasset" 571
"E:/Clement/Documents/Unreal Projects/encore_un_test/Content/RoboBars/DemoRoom/Materials/M_DemoWall_MattPlastic.uasset" 572
"E:/Clement/Documents/Unreal Projects/encore_un_test/Content/RoboBars/DemoRoom/Meshes/SM_DemoRoomBackWall2.uasset" 573
"E:/Clement/Documents/Unreal Projects/encore_un_test/Content/RoboBars/DemoRoom/Materials/M_LightTube.uasset" 574
"E:/Clement/Documents/Unreal Projects/encore_un_test/Content/RoboBars/DemoRoom/Materials/M_LightTube_Inst.uasset" 575
"E:/Clement/Documents/Unreal Projects/encore_un_test/Content/RoboBars/DemoRoom/Meshes/SM_DemoRoomClamp.uasset" 576
"E:/Clement/Documents/Unreal Projects/encore_un_test/Content/RoboBars/DemoRoom/Meshes/SM_DemoRoomClamp2.uasset" 577
"E:/Clement/Documents/Unreal Projects/encore_un_test/Content/RoboBars/DemoRoom/Meshes/SM_DemoRoomL.uasset" 578
"E:/Clement/Documents/Unreal Projects/encore_un_test/Content/RoboBars/DemoRoom/Meshes/SM_DemoRoomLTrim.uasset" 579
"E:/Clement/Documents/Unreal Projects/encore_un_test/Content/RoboBars/DemoRoom/Meshes/SM_DemoRoomTrim.uasset" 580
"E:/Clement/Documents/Unreal Projects/encore_un_test/Content/RoboBars/DemoRoom/Meshes/SM_DemoRoomTrim2.uasset" 581
"E:/Clement/Documents/Unreal Projects/encore_un_test/Content/RoboBars/DemoRoom/Meshes/SM_DemoRoomTrimAdd.uasset" 582
"E:/Clement/Documents/Unreal Projects/encore_un_test/Content/RoboBars/DemoRoom/Meshes/SM_DemoRoomU.uasset" 583
"E:/Clement/Documents/Unreal Projects/encore_un_test/Content/RoboBars/DemoRoom/Meshes/SM_DemoRoomU2.uasset" 584
"E:/Clement/Documents/Unreal Projects/encore_un_test/Content/RoboBars/DemoRoom/Meshes/SM_DemoRoomU_Hole.uasset" 585
"E:/Clement/Documents/Unreal Projects/encore_un_test/Content/RoboBars/DemoRoom/Meshes/SM_URoom_Wall.uasset" 586
"E:/Clement/Documents/Unreal Projects/encore_un_test/Content/RoboBars/DemoRoom/Meshes/SM_URoom_Wall2.uasset" 587
"E:/Clement/Documents/Unreal Projects/encore_un_test/Content/RoboBars/DemoRoom/BluePrint/BP_DemoRoom.uasset" 588
"E:/Clement/Documents/Unreal Projects/encore_un_test/Content/RoboBars/Materials/M_SurfaceCircleBar.uasset" 589
"E:/Clement/Documents/Unreal Projects/encore_un_test/Content/RoboBars/Materials/MI_SurfaceCircleBar.uasset" 590
"E:/Clement/Documents/Unreal Projects/encore_un_test/Content/RoboBars/Materials/ExamplesSurfaceCircle/MI_LoadingBar.uasset" 591
"E:/Clement/Documents/Unreal Projects/encore_un_test/Content/RoboBars/Materials/ExamplesSurface/SM_PreviewCircleModel.uasset" 592
"E:/Clement/Documents/Unreal Projects/encore_un_test/Content/RoboBars/Materials/ExamplesSurfaceCircle/BP_CircleBar.uasset" 593
"E:/Clement/Documents/Unreal Projects/encore_un_test/Content/RoboBars/Materials/ExamplesSurface/MI_DivisionPattern.uasset" 594
"E:/Clement/Documents/Unreal Projects/encore_un_test/Content/RoboBars/Materials/ExamplesSurface/MI_DIvisionScale.uasset" 595
"E:/Clement/Documents/Unreal Projects/encore_un_test/Content/RoboBars/Materials/ExamplesSurface/MI_DivisionSmooth.uasset" 596
"E:/Clement/Documents/Unreal Projects/encore_un_test/Content/RoboBars/Materials/ExamplesSurface/MI_DivisionWinXP.uasset" 597
"E:/Clement/Documents/Unreal Projects/encore_un_test/Content/RoboBars/Textures/Patterns/T_PatternLayersArrow.uasset" 598
"E:/Clement/Documents/Unreal Projects/encore_un_test/Content/RoboBars/Materials/ExamplesSurface/MI_PatternArrow.uasset" 599
"E:/Clement/Documents/Unreal Projects/encore_un_test/Content/RoboBars/Materials/ExamplesSurface/MI_PatternHearts.uasset" 600
"E:/Clement/Documents/Unreal Projects/encore_un_test/Content/RoboBars/Textures/Gloss/T_GLossShadowCenter.uasset" 601
"E:/Clement/Documents/Unreal Projects/encore_un_test/Content/RoboBars/Textures/Gloss/T_GlossShadowEdge.uasset" 602
"E:/Clement/Documents/Unreal Projects/encore_un_test/Content/RoboBars/Textures/Patterns/T_PatternHex.uasset" 603
"E:/Clement/Documents/Unreal Projects/encore_un_test/Content/RoboBars/Materials/ExamplesSurface/MI_PatternHex.uasset" 604
"E:/Clement/Documents/Unreal Projects/encore_un_test/Content/RoboBars/Textures/Patterns/T_patternStar.uasset" 605
"E:/Clement/Documents/Unreal Projects/encore_un_test/Content/RoboBars/Materials/ExamplesSurface/MI_PatternStars.uasset" 606
"E:/Clement/Documents/Unreal Projects/encore_un_test/Content/RoboBars/Textures/Gradient/T_GradientCOlors.uasset" 607
"E:/Clement/Documents/Unreal Projects/encore_un_test/Content/RoboBars/Materials/ExamplesSurface/MI_PogressColors.uasset" 608
"E:/Clement/Documents/Unreal Projects/encore_un_test/Content/RoboBars/Textures/Gradient/T_GradientBurn.uasset" 609
"E:/Clement/Documents/Unreal Projects/encore_un_test/Content/RoboBars/Textures/Patterns/T_PatternWorley.uasset" 610
"E:/Clement/Documents/Unreal Projects/encore_un_test/Content/RoboBars/Materials/ExamplesSurface/MI_ProgressBurn.uasset" 611
"E:/Clement/Documents/Unreal Projects/encore_un_test/Content/RoboBars/Materials/ExamplesSurface/MI_ProgressHealth.uasset" 612
"E:/Clement/Documents/Unreal Projects/encore_un_test/Content/RoboBars/Materials/ExamplesSurface/MI_ProgressRound.uasset" 613
"E:/Clement/Documents/Unreal Projects/encore_un_test/Content/RoboBars/Materials/ExamplesSurfaceCircle/MI_DivisionsThin.uasset" 614
"E:/Clement/Documents/Unreal Projects/encore_un_test/Content/RoboBars/Materials/ExamplesSurfaceCircle/MI_FlatColor.uasset" 615
"E:/Clement/Documents/Unreal Projects/encore_un_test/Content/RoboBars/Materials/ExamplesSurfaceCircle/MI_FlatOutline.uasset" 616
"E:/Clement/Documents/Unreal Projects/encore_un_test/Content/RoboBars/Materials/ExamplesSurfaceCircle/MI_HeartShape.uasset" 617
"E:/Clement/Documents/Unreal Projects/encore_un_test/Content/RoboBars/Materials/ExamplesSurfaceCircle/MI_OutlineBIg.uasset" 618
"E:/Clement/Documents/Unreal Projects/encore_un_test/Content/RoboBars/Materials/ExamplesSurfaceCircle/MI_OutlineRadius.uasset" 619
"E:/Clement/Documents/Unreal Projects/encore_un_test/Content/RoboBars/Materials/ExamplesSurfaceCircle/MI_OutlineSmall.uasset" 620
"E:/Clement/Documents/Unreal Projects/encore_un_test/Content/RoboBars/Materials/ExamplesSurfaceCircle/MI_SimplePogress.uasset" 621
"E:/Clement/Documents/Unreal Projects/encore_un_test/Content/RoboBars/Textures/Gloss/T_GLossShadowVertical.uasset" 622
"E:/Clement/Documents/Unreal Projects/encore_un_test/Content/RoboBars/Materials/ExamplesSurfaceCircle/MI_SoftNeon.uasset" 623
"E:/Clement/Documents/Unreal Projects/encore_un_test/Content/RoboBars/Materials/M_UmgRectBar.uasset" 624
"E:/Clement/Documents/Unreal Projects/encore_un_test/Content/RoboBars/Materials/MI_UmgRectBar.uasset" 625
"E:/Clement/Documents/Unreal Projects/encore_un_test/Content/RoboBars/Materials/ExamplesUmg/MI_UmgDivisionScale.uasset" 626
"E:/Clement/Documents/Unreal Projects/encore_un_test/Content/RoboBars/Materials/ExamplesUmg/MI_UmgDivisionSmooth.uasset" 627
"E:/Clement/Documents/Unreal Projects/encore_un_test/Content/RoboBars/Materials/ExamplesUmg/MI_UmgDivisionWinXP.uasset" 628
"E:/Clement/Documents/Unreal Projects/encore_un_test/Content/RoboBars/Materials/ExamplesUmg/MI_UmgParameterChange.uasset" 629
"E:/Clement/Documents/Unreal Projects/encore_un_test/Content/RoboBars/Materials/ExamplesUmg/MI_UmgPatternArrow.uasset" 630
"E:/Clement/Documents/Unreal Projects/encore_un_test/Content/RoboBars/Materials/ExamplesUmg/MI_UmgPatternHearts.uasset" 631
"E:/Clement/Documents/Unreal Projects/encore_un_test/Content/RoboBars/Materials/ExamplesUmg/MI_UmgPatternHex.uasset" 632
"E:/Clement/Documents/Unreal Projects/encore_un_test/Content/RoboBars/Materials/ExamplesUmg/MI_UmgPatternStars.uasset" 633
"E:/Clement/Documents/Unreal Projects/encore_un_test/Content/RoboBars/Materials/ExamplesUmg/MI_UmgPogressColors.uasset" 634
"E:/Clement/Documents/Unreal Projects/encore_un_test/Content/RoboBars/Materials/ExamplesUmg/MI_UmgProgressBurn.uasset" 635
"E:/Clement/Documents/Unreal Projects/encore_un_test/Content/RoboBars/Materials/ExamplesUmg/MI_UmgProgressHealth.uasset" 636
"E:/Clement/Documents/Unreal Projects/encore_un_test/Content/RoboBars/Materials/ExamplesUmg/MI_UmgProgressRound.uasset" 637
"E:/Clement/Documents/Unreal Projects/encore_un_test/Content/RoboBars/Materials/ExamplesUmg/MI_UmgUmgDivisionPattern.uasset" 638
"E:/Clement/Documents/Unreal Projects/encore_un_test/Content/RoboBars/Materials/ExamplesUmgCircle/MI_DivisionsThin.uasset" 639
"E:/Clement/Documents/Unreal Projects/encore_un_test/Content/RoboBars/Materials/ExamplesUmgCircle/MI_FlatColor.uasset" 640
"E:/Clement/Documents/Unreal Projects/encore_un_test/Content/RoboBars/Materials/ExamplesUmgCircle/MI_FlatOutline.uasset" 641
"E:/Clement/Documents/Unreal Projects/encore_un_test/Content/RoboBars/Materials/ExamplesUmgCircle/MI_HeartShape.uasset" 642
"E:/Clement/Documents/Unreal Projects/encore_un_test/Content/RoboBars/Materials/ExamplesUmgCircle/MI_LoadingBar.uasset" 643
"E:/Clement/Documents/Unreal Projects/encore_un_test/Content/RoboBars/Materials/ExamplesUmgCircle/MI_OutlineBIg.uasset" 644
"E:/Clement/Documents/Unreal Projects/encore_un_test/Content/RoboBars/Materials/ExamplesUmgCircle/MI_OutlineRadius.uasset" 645
"E:/Clement/Documents/Unreal Projects/encore_un_test/Content/RoboBars/Materials/ExamplesUmgCircle/MI_SimplePogress.uasset" 646
"E:/Clement/Documents/Unreal Projects/encore_un_test/Content/RoboBars/Materials/ExamplesUmgCircle/MI_SoftNeon.uasset" 647
"E:/Clement/Documents/Unreal Projects/encore_un_test/Content/RoboBars/Demo/Blueprints/BP_Hud.uasset" 648
"E:/Clement/Documents/Unreal Projects/encore_un_test/Content/RoboBars/Materials/ExamplesSurface/SM_PreviewModel.uasset" 649
"E:/Clement/Documents/Unreal Projects/encore_un_test/Content/RoboBars/Demo/Maps/RoboBarsDemoMap.umap" 650
"E:/Clement/Documents/Unreal Projects/encore_un_test/Content/StarterContent/Blueprints/Assets/FogBrightnessLUT.uasset" 651
"E:/Clement/Documents/Unreal Projects/encore_un_test/Content/StarterContent/Blueprints/Assets/SunlightColorLUT.uasset" 652
"E:/Clement/Documents/Unreal Projects/encore_un_test/Content/StarterContent/Blueprints/Assets/M_LightStage_Arrows.uasset" 653
"E:/Clement/Documents/Unreal Projects/encore_un_test/Content/StarterContent/Blueprints/Assets/M_LightStage_Skybox_Black.uasset" 654
"E:/Clement/Documents/Unreal Projects/encore_un_test/Content/StarterContent/Blueprints/Assets/M_LightStage_Skybox_HDRI.uasset" 655
"E:/Clement/Documents/Unreal Projects/encore_un_test/Content/StarterContent/Blueprints/Assets/Skybox.uasset" 656
"E:/Clement/Documents/Unreal Projects/encore_un_test/Content/StarterContent/Blueprints/Assets/SM_Arrows.uasset" 657
"E:/Clement/Documents/Unreal Projects/encore_un_test/Content/StarterContent/HDRI/HDRI_Epic_Courtyard_Daylight.uasset" 658
"E:/Clement/Documents/Unreal Projects/encore_un_test/Content/StarterContent/Blueprints/BP_LightStudio.uasset" 659
"E:/Clement/Documents/Unreal Projects/encore_un_test/Content/StarterContent/Maps/Advanced_Lighting_BuiltData.uasset" 660
"E:/Clement/Documents/Unreal Projects/encore_un_test/Content/StarterContent/Materials/M_AssetPlatform.uasset" 661
"../../../Engine/Content/EditorMeshes/ColorCalibrator/M_ChromeBall.uasset" 662
"../../../Engine/Content/EditorMeshes/ColorCalibrator/M_ClearCoat.uasset" 663
"../../../Engine/Content/EditorMeshes/ColorCalibrator/M_ClearCoatBlack.uasset" 664
"../../../Engine/Content/EditorMeshes/ColorCalibrator/Color_checker.uasset" 665
"../../../Engine/Content/EditorMeshes/ColorCalibrator/M_ColorGrid.uasset" 666
"../../../Engine/Content/EditorMeshes/ColorCalibrator/M_GreyBall.uasset" 667
"../../../Engine/Content/EditorMeshes/ColorCalibrator/SM_ColorCalibrator.uasset" 668
"E:/Clement/Documents/Unreal Projects/encore_un_test/Content/StarterContent/Architecture/SM_AssetPlatform.uasset" 669
"E:/Clement/Documents/Unreal Projects/encore_un_test/Content/StarterContent/Maps/Advanced_Lighting.umap" 670
"../../../Engine/Content/EngineSky/BP_Sky_Sphere.uasset" 671
"E:/Clement/Documents/Unreal Projects/encore_un_test/Content/StarterContent/Maps/Minimal_Default_BuiltData.uasset" 672
"E:/Clement/Documents/Unreal Projects/encore_un_test/Content/StarterContent/Textures/T_MacroVariation.uasset" 673
"E:/Clement/Documents/Unreal Projects/encore_un_test/Content/StarterContent/Materials/M_Metal_Brushed_Nickel.uasset" 674
"E:/Clement/Documents/Unreal Projects/encore_un_test/Content/StarterContent/Textures/T_Metal_Aluminum_D.uasset" 675
"E:/Clement/Documents/Unreal Projects/encore_un_test/Content/StarterContent/Textures/T_Metal_Gold_N.uasset" 676
"E:/Clement/Documents/Unreal Projects/encore_un_test/Content/StarterContent/Materials/M_Metal_Burnished_Steel.uasset" 677
"E:/Clement/Documents/Unreal Projects/encore_un_test/Content/StarterContent/Textures/T_Metal_Copper_D.uasset" 678
"E:/Clement/Documents/Unreal Projects/encore_un_test/Content/StarterContent/Materials/M_Metal_Copper.uasset" 679
"E:/Clement/Documents/Unreal Projects/encore_un_test/Content/StarterContent/Textures/T_Statue_M.uasset" 680
"E:/Clement/Documents/Unreal Projects/encore_un_test/Content/StarterContent/Textures/T_Statue_N.uasset" 681
"E:/Clement/Documents/Unreal Projects/encore_un_test/Content/StarterContent/Props/Materials/M_StatueGlass.uasset" 682
"E:/Clement/Documents/Unreal Projects/encore_un_test/Content/StarterContent/Architecture/Floor_400x400.uasset" 683
"E:/Clement/Documents/Unreal Projects/encore_un_test/Content/StarterContent/Audio/Starter_Background_Cue.uasset" 684
"E:/Clement/Documents/Unreal Projects/encore_un_test/Content/StarterContent/Props/SM_Chair.uasset" 685
"E:/Clement/Documents/Unreal Projects/encore_un_test/Content/StarterContent/Props/Materials/M_Statue.uasset" 686
"E:/Clement/Documents/Unreal Projects/encore_un_test/Content/StarterContent/Props/SM_Statue.uasset" 687
"E:/Clement/Documents/Unreal Projects/encore_un_test/Content/StarterContent/Textures/T_TableRound_M.uasset" 688
"E:/Clement/Documents/Unreal Projects/encore_un_test/Content/StarterContent/Textures/T_TableRound_N.uasset" 689
"E:/Clement/Documents/Unreal Projects/encore_un_test/Content/StarterContent/Props/Materials/M_TableRound.uasset" 690
"E:/Clement/Documents/Unreal Projects/encore_un_test/Content/StarterContent/Props/SM_TableRound.uasset" 691
"E:/Clement/Documents/Unreal Projects/encore_un_test/Content/StarterContent/Maps/Minimal_Default.umap" 692
"E:/Clement/Documents/Unreal Projects/encore_un_test/Content/StarterContent/Audio/Fire01_Cue.uasset" 693
"E:/Clement/Documents/Unreal Projects/encore_un_test/Content/StarterContent/Textures/T_Fire_SubUV.uasset" 694
"E:/Clement/Documents/Unreal Projects/encore_un_test/Content/StarterContent/Textures/T_Fire_Tiled_D.uasset" 695
"E:/Clement/Documents/Unreal Projects/encore_un_test/Content/StarterContent/Particles/Materials/M_Fire_SubUV.uasset" 696
"E:/Clement/Documents/Unreal Projects/encore_un_test/Content/StarterContent/Textures/T_Water_N.uasset" 697
"E:/Clement/Documents/Unreal Projects/encore_un_test/Content/StarterContent/Particles/Materials/M_Heat_Distortion.uasset" 698
"E:/Clement/Documents/Unreal Projects/encore_un_test/Content/StarterContent/Particles/Materials/M_Radial_Gradient.uasset" 699
"E:/Clement/Documents/Unreal Projects/encore_un_test/Content/StarterContent/Particles/P_Fire.uasset" 700
"E:/Clement/Documents/Unreal Projects/encore_un_test/Content/StarterContent/Blueprints/Blueprint_Effect_Fire.uasset" 701
"E:/Clement/Documents/Unreal Projects/encore_un_test/Content/StarterContent/Audio/Smoke01_Cue.uasset" 702
"E:/Clement/Documents/Unreal Projects/encore_un_test/Content/StarterContent/Particles/P_Smoke.uasset" 703
"E:/Clement/Documents/Unreal Projects/encore_un_test/Content/StarterContent/Blueprints/Blueprint_Effect_Smoke.uasset" 704
"E:/Clement/Documents/Unreal Projects/encore_un_test/Content/StarterContent/Audio/Fire_Sparks01_Cue.uasset" 705
"E:/Clement/Documents/Unreal Projects/encore_un_test/Content/StarterContent/Textures/T_Spark_Core.uasset" 706
"E:/Clement/Documents/Unreal Projects/encore_un_test/Content/StarterContent/Particles/Materials/M_Spark.uasset" 707
"E:/Clement/Documents/Unreal Projects/encore_un_test/Content/StarterContent/Particles/P_Sparks.uasset" 708
"E:/Clement/Documents/Unreal Projects/encore_un_test/Content/StarterContent/Blueprints/Blueprint_Effect_Sparks.uasset" 709
"E:/Clement/Documents/Unreal Projects/encore_un_test/Content/StarterContent/Audio/Steam01_Cue.uasset" 710
"E:/Clement/Documents/Unreal Projects/encore_un_test/Content/StarterContent/Particles/P_Steam_Lit.uasset" 711
"E:/Clement/Documents/Unreal Projects/encore_un_test/Content/StarterContent/Blueprints/Blueprint_Effect_Steam.uasset" 712
"E:/Clement/Documents/Unreal Projects/encore_un_test/Content/StarterContent/Textures/T_Lamp_M.uasset" 713
"E:/Clement/Documents/Unreal Projects/encore_un_test/Content/StarterContent/Textures/T_Lamp_N.uasset" 714
"E:/Clement/Documents/Unreal Projects/encore_un_test/Content/StarterContent/Props/Materials/M_Lamp.uasset" 715
"E:/Clement/Documents/Unreal Projects/encore_un_test/Content/StarterContent/Props/SM_Lamp_Ceiling.uasset" 716
"E:/Clement/Documents/Unreal Projects/encore_un_test/Content/StarterContent/Blueprints/Blueprint_CeilingLight.uasset" 717
"E:/Clement/Documents/Unreal Projects/encore_un_test/Content/StarterContent/Props/SM_Lamp_Wall.uasset" 718
"E:/Clement/Documents/Unreal Projects/encore_un_test/Content/StarterContent/Blueprints/Blueprint_WallSconce.uasset" 719
"E:/Clement/Documents/Unreal Projects/encore_un_test/Content/StarterContent/Maps/StarterMap_BuiltData.uasset" 720
"../../../Engine/Content/Functions/Engine_MaterialFunctions03/Procedurals/ComputeFilterWidth.uasset" 721
"../../../Engine/Content/EngineMaterials/AntiAliasedTextMaterialTranslucent.uasset" 722
"E:/Clement/Documents/Unreal Projects/encore_un_test/Content/StarterContent/Textures/T_Brick_Clay_Beveled_D.uasset" 723
"E:/Clement/Documents/Unreal Projects/encore_un_test/Content/StarterContent/Textures/T_Brick_Clay_Beveled_M.uasset" 724
"E:/Clement/Documents/Unreal Projects/encore_un_test/Content/StarterContent/Textures/T_Brick_Clay_Beveled_N.uasset" 725
"E:/Clement/Documents/Unreal Projects/encore_un_test/Content/StarterContent/Materials/M_Brick_Clay_Beveled.uasset" 726
"E:/Clement/Documents/Unreal Projects/encore_un_test/Content/StarterContent/Textures/T_Brick_Clay_New_D.uasset" 727
"E:/Clement/Documents/Unreal Projects/encore_un_test/Content/StarterContent/Textures/T_Brick_Clay_New_M.uasset" 728
"E:/Clement/Documents/Unreal Projects/encore_un_test/Content/StarterContent/Textures/T_Brick_Clay_New_N.uasset" 729
"E:/Clement/Documents/Unreal Projects/encore_un_test/Content/StarterContent/Textures/T_Detail_Rocky_N.uasset" 730
"E:/Clement/Documents/Unreal Projects/encore_un_test/Content/StarterContent/Materials/M_Brick_Clay_New.uasset" 731
"E:/Clement/Documents/Unreal Projects/encore_un_test/Content/StarterContent/Textures/T_Brick_Clay_Old_D.uasset" 732
"E:/Clement/Documents/Unreal Projects/encore_un_test/Content/StarterContent/Textures/T_Brick_Clay_Old_N.uasset" 733
"E:/Clement/Documents/Unreal Projects/encore_un_test/Content/StarterContent/Textures/T_Perlin_Noise_M.uasset" 734
"E:/Clement/Documents/Unreal Projects/encore_un_test/Content/StarterContent/Materials/M_Brick_Clay_Old.uasset" 735
"E:/Clement/Documents/Unreal Projects/encore_un_test/Content/StarterContent/Textures/T_Brick_Cut_Stone_D.uasset" 736
"E:/Clement/Documents/Unreal Projects/encore_un_test/Content/StarterContent/Textures/T_Brick_Cut_Stone_N.uasset" 737
"E:/Clement/Documents/Unreal Projects/encore_un_test/Content/StarterContent/Materials/M_Brick_Cut_Stone.uasset" 738
"E:/Clement/Documents/Unreal Projects/encore_un_test/Content/StarterContent/Textures/T_Brick_Hewn_Stone_D.uasset" 739
"E:/Clement/Documents/Unreal Projects/encore_un_test/Content/StarterContent/Textures/T_Brick_Hewn_Stone_M.uasset" 740
"E:/Clement/Documents/Unreal Projects/encore_un_test/Content/StarterContent/Textures/T_Brick_Hewn_Stone_N.uasset" 741
"E:/Clement/Documents/Unreal Projects/encore_un_test/Content/StarterContent/Materials/M_Brick_Hewn_Stone.uasset" 742
"E:/Clement/Documents/Unreal Projects/encore_un_test/Content/StarterContent/Textures/T_Ceramic_Tile_M.uasset" 743
"E:/Clement/Documents/Unreal Projects/encore_un_test/Content/StarterContent/Textures/T_Ceramic_Tile_N.uasset" 744
"E:/Clement/Documents/Unreal Projects/encore_un_test/Content/StarterContent/Textures/T_Rock_Marble_Polished_D.uasset" 745
"E:/Clement/Documents/Unreal Projects/encore_un_test/Content/StarterContent/Materials/M_Ceramic_Tile_Checker.uasset" 746
"E:/Clement/Documents/Unreal Projects/encore_un_test/Content/StarterContent/Textures/T_CobbleStone_Pebble_D.uasset" 747
"E:/Clement/Documents/Unreal Projects/encore_un_test/Content/StarterContent/Textures/T_CobbleStone_Pebble_M.uasset" 748
"E:/Clement/Documents/Unreal Projects/encore_un_test/Content/StarterContent/Textures/T_CobbleStone_Pebble_N.uasset" 749
"E:/Clement/Documents/Unreal Projects/encore_un_test/Content/StarterContent/Materials/M_CobbleStone_Pebble.uasset" 750
"E:/Clement/Documents/Unreal Projects/encore_un_test/Content/StarterContent/Textures/T_CobbleStone_Rough_D.uasset" 751
"E:/Clement/Documents/Unreal Projects/encore_un_test/Content/StarterContent/Textures/T_CobbleStone_Rough_N.uasset" 752
"E:/Clement/Documents/Unreal Projects/encore_un_test/Content/StarterContent/Textures/T_Gradinet_01.uasset" 753
"E:/Clement/Documents/Unreal Projects/encore_un_test/Content/StarterContent/Textures/T_Rock_Smooth_Granite_D.uasset" 754
"E:/Clement/Documents/Unreal Projects/encore_un_test/Content/StarterContent/Materials/M_CobbleStone_Rough.uasset" 755
"E:/Clement/Documents/Unreal Projects/encore_un_test/Content/StarterContent/Textures/T_CobbleStone_Smooth_D.uasset" 756
"E:/Clement/Documents/Unreal Projects/encore_un_test/Content/StarterContent/Textures/T_CobbleStone_Smooth_M.uasset" 757
"E:/Clement/Documents/Unreal Projects/encore_un_test/Content/StarterContent/Textures/T_CobbleStone_Smooth_N.uasset" 758
"E:/Clement/Documents/Unreal Projects/encore_un_test/Content/StarterContent/Materials/M_CobbleStone_Smooth.uasset" 759
"E:/Clement/Documents/Unreal Projects/encore_un_test/Content/StarterContent/Textures/T_Concrete_Grime_D.uasset" 760
"E:/Clement/Documents/Unreal Projects/encore_un_test/Content/StarterContent/Textures/T_Metal_Rust_N.uasset" 761
"E:/Clement/Documents/Unreal Projects/encore_un_test/Content/StarterContent/Materials/M_Concrete_Grime.uasset" 762
"E:/Clement/Documents/Unreal Projects/encore_un_test/Content/StarterContent/Textures/T_Concrete_Panels_D.uasset" 763
"E:/Clement/Documents/Unreal Projects/encore_un_test/Content/StarterContent/Textures/T_Concrete_Panels_N.uasset" 764
"E:/Clement/Documents/Unreal Projects/encore_un_test/Content/StarterContent/Materials/M_Concrete_Panels.uasset" 765
"E:/Clement/Documents/Unreal Projects/encore_un_test/Content/StarterContent/Textures/T_Concrete_Poured_D.uasset" 766
"E:/Clement/Documents/Unreal Projects/encore_un_test/Content/StarterContent/Textures/T_Concrete_Poured_N.uasset" 767
"E:/Clement/Documents/Unreal Projects/encore_un_test/Content/StarterContent/Materials/M_Concrete_Poured.uasset" 768
"E:/Clement/Documents/Unreal Projects/encore_un_test/Content/StarterContent/Textures/T_Concrete_Tiles_D.uasset" 769
"E:/Clement/Documents/Unreal Projects/encore_un_test/Content/StarterContent/Textures/T_Concrete_Tiles_M.uasset" 770
"E:/Clement/Documents/Unreal Projects/encore_un_test/Content/StarterContent/Textures/T_Concrete_Tiles_N.uasset" 771
"E:/Clement/Documents/Unreal Projects/encore_un_test/Content/StarterContent/Textures/T_Concrete_Tiles_Variation_M.uasset" 772
"E:/Clement/Documents/Unreal Projects/encore_un_test/Content/StarterContent/Materials/M_Concrete_Tiles.uasset" 773
"E:/Clement/Documents/Unreal Projects/encore_un_test/Content/StarterContent/Textures/T_Ground_Grass_D.uasset" 774
"E:/Clement/Documents/Unreal Projects/encore_un_test/Content/StarterContent/Textures/T_Ground_Grass_N.uasset" 775
"E:/Clement/Documents/Unreal Projects/encore_un_test/Content/StarterContent/Materials/M_Ground_Grass.uasset" 776
"E:/Clement/Documents/Unreal Projects/encore_un_test/Content/StarterContent/Textures/T_Ground_Gravel_D.uasset" 777
"E:/Clement/Documents/Unreal Projects/encore_un_test/Content/StarterContent/Textures/T_Ground_Gravel_N.uasset" 778
"E:/Clement/Documents/Unreal Projects/encore_un_test/Content/StarterContent/Materials/M_Ground_Gravel.uasset" 779
"E:/Clement/Documents/Unreal Projects/encore_un_test/Content/StarterContent/Textures/T_ground_Moss_D.uasset" 780
"E:/Clement/Documents/Unreal Projects/encore_un_test/Content/StarterContent/Textures/T_Ground_Moss_N.uasset" 781
"E:/Clement/Documents/Unreal Projects/encore_un_test/Content/StarterContent/Materials/M_Ground_Moss.uasset" 782
"E:/Clement/Documents/Unreal Projects/encore_un_test/Content/StarterContent/Materials/M_Metal_Chrome.uasset" 783
"E:/Clement/Documents/Unreal Projects/encore_un_test/Content/StarterContent/Textures/T_Metal_Gold_D.uasset" 784
"E:/Clement/Documents/Unreal Projects/encore_un_test/Content/StarterContent/Materials/M_Metal_Gold.uasset" 785
"E:/Clement/Documents/Unreal Projects/encore_un_test/Content/StarterContent/Textures/T_Metal_Rust_D.uasset" 786
"E:/Clement/Documents/Unreal Projects/encore_un_test/Content/StarterContent/Materials/M_Metal_Rust.uasset" 787
"E:/Clement/Documents/Unreal Projects/encore_un_test/Content/StarterContent/Textures/T_Metal_Steel_D.uasset" 788
"E:/Clement/Documents/Unreal Projects/encore_un_test/Content/StarterContent/Textures/T_Metal_Steel_N.uasset" 789
"E:/Clement/Documents/Unreal Projects/encore_un_test/Content/StarterContent/Materials/M_Metal_Steel.uasset" 790
"E:/Clement/Documents/Unreal Projects/encore_un_test/Content/StarterContent/Textures/T_Rock_Basalt_D.uasset" 791
"E:/Clement/Documents/Unreal Projects/encore_un_test/Content/StarterContent/Textures/T_Rock_Basalt_N.uasset" 792
"E:/Clement/Documents/Unreal Projects/encore_un_test/Content/StarterContent/Materials/M_Rock_Basalt.uasset" 793
"E:/Clement/Documents/Unreal Projects/encore_un_test/Content/StarterContent/Materials/M_Rock_Marble_Polished.uasset" 794
"E:/Clement/Documents/Unreal Projects/encore_un_test/Content/StarterContent/Textures/T_Rock_Sandstone_D.uasset" 795
"E:/Clement/Documents/Unreal Projects/encore_un_test/Content/StarterContent/Textures/T_Rock_Sandstone_N.uasset" 796
"E:/Clement/Documents/Unreal Projects/encore_un_test/Content/StarterContent/Materials/M_Rock_Sandstone.uasset" 797
"E:/Clement/Documents/Unreal Projects/encore_un_test/Content/StarterContent/Textures/T_Rock_Slate_D.uasset" 798
"E:/Clement/Documents/Unreal Projects/encore_un_test/Content/StarterContent/Textures/T_Rock_Slate_N.uasset" 799
"E:/Clement/Documents/Unreal Projects/encore_un_test/Content/StarterContent/Materials/M_Rock_Slate.uasset" 800
"E:/Clement/Documents/Unreal Projects/encore_un_test/Content/StarterContent/Textures/T_Checker_Noise_M.uasset" 801
"E:/Clement/Documents/Unreal Projects/encore_un_test/Content/StarterContent/Textures/T_Single_Tile_N.uasset" 802
"E:/Clement/Documents/Unreal Projects/encore_un_test/Content/StarterContent/Textures/T_Tech_Dot_M.uasset" 803
"E:/Clement/Documents/Unreal Projects/encore_un_test/Content/StarterContent/Textures/T_Tech_Dot_N.uasset" 804
"E:/Clement/Documents/Unreal Projects/encore_un_test/Content/StarterContent/Materials/M_Tech_Checker_Dot.uasset" 805
"E:/Clement/Documents/Unreal Projects/encore_un_test/Content/StarterContent/Textures/T_Tech_Hex_Tile_M.uasset" 806
"E:/Clement/Documents/Unreal Projects/encore_un_test/Content/StarterContent/Textures/T_Tech_Hex_Tile_N.uasset" 807
"E:/Clement/Documents/Unreal Projects/encore_un_test/Content/StarterContent/Materials/M_Tech_Hex_Tile.uasset" 808
"E:/Clement/Documents/Unreal Projects/encore_un_test/Content/StarterContent/Materials/M_Tech_Hex_Tile_Pulse.uasset" 809
"E:/Clement/Documents/Unreal Projects/encore_un_test/Content/StarterContent/Textures/T_Tech_Panel_M.uasset" 810
"E:/Clement/Documents/Unreal Projects/encore_un_test/Content/StarterContent/Textures/T_Tech_Panel_N.uasset" 811
"E:/Clement/Documents/Unreal Projects/encore_un_test/Content/StarterContent/Materials/M_Tech_Panel.uasset" 812
"E:/Clement/Documents/Unreal Projects/encore_un_test/Content/StarterContent/Materials/M_Water_Lake.uasset" 813
"E:/Clement/Documents/Unreal Projects/encore_un_test/Content/StarterContent/Textures/T_Water_M.uasset" 814
"E:/Clement/Documents/Unreal Projects/encore_un_test/Content/StarterContent/Materials/M_Water_Ocean.uasset" 815
"E:/Clement/Documents/Unreal Projects/encore_un_test/Content/StarterContent/Textures/T_Wood_Floor_Walnut_D.uasset" 816
"E:/Clement/Documents/Unreal Projects/encore_un_test/Content/StarterContent/Textures/T_Wood_Floor_Walnut_M.uasset" 817
"E:/Clement/Documents/Unreal Projects/encore_un_test/Content/StarterContent/Textures/T_Wood_Floor_Walnut_N.uasset" 818
"E:/Clement/Documents/Unreal Projects/encore_un_test/Content/StarterContent/Materials/M_Wood_Floor_Walnut_Polished.uasset" 819
"../../../Engine/Content/Functions/Engine_MaterialFunctions01/Opacity/AlphaOffset.uasset" 820
"E:/Clement/Documents/Unreal Projects/encore_un_test/Content/StarterContent/Materials/M_Wood_Floor_Walnut_Worn.uasset" 821
"E:/Clement/Documents/Unreal Projects/encore_un_test/Content/StarterContent/Textures/T_Wood_Oak_D.uasset" 822
"E:/Clement/Documents/Unreal Projects/encore_un_test/Content/StarterContent/Textures/T_Wood_Oak_N.uasset" 823
"E:/Clement/Documents/Unreal Projects/encore_un_test/Content/StarterContent/Materials/M_Wood_Oak.uasset" 824
"E:/Clement/Documents/Unreal Projects/encore_un_test/Content/StarterContent/Textures/T_Wood_Pine_D.uasset" 825
"E:/Clement/Documents/Unreal Projects/encore_un_test/Content/StarterContent/Textures/T_Wood_Pine_N.uasset" 826
"E:/Clement/Documents/Unreal Projects/encore_un_test/Content/StarterContent/Materials/M_Wood_Pine.uasset" 827
"E:/Clement/Documents/Unreal Projects/encore_un_test/Content/StarterContent/Textures/T_Wood_Walnut_D.uasset" 828
"E:/Clement/Documents/Unreal Projects/encore_un_test/Content/StarterContent/Textures/T_Wood_Walnut_N.uasset" 829
"E:/Clement/Documents/Unreal Projects/encore_un_test/Content/StarterContent/Materials/M_Wood_Walnut.uasset" 830
"E:/Clement/Documents/Unreal Projects/encore_un_test/Content/StarterContent/Architecture/Wall_400x200.uasset" 831
"E:/Clement/Documents/Unreal Projects/encore_un_test/Content/StarterContent/Architecture/Wall_Door_400x300.uasset" 832
"E:/Clement/Documents/Unreal Projects/encore_un_test/Content/StarterContent/Architecture/Wall_Window_400x300.uasset" 833
"E:/Clement/Documents/Unreal Projects/encore_un_test/Content/StarterContent/Audio/Collapse_Cue.uasset" 834
"E:/Clement/Documents/Unreal Projects/encore_un_test/Content/StarterContent/Audio/Starter_Music_Cue.uasset" 835
"E:/Clement/Documents/Unreal Projects/encore_un_test/Content/StarterContent/Textures/T_Dust_Particle_D.uasset" 836
"E:/Clement/Documents/Unreal Projects/encore_un_test/Content/StarterContent/Particles/Materials/M_Dust_Particle.uasset" 837
"E:/Clement/Documents/Unreal Projects/encore_un_test/Content/StarterContent/Particles/P_Ambient_Dust.uasset" 838
"E:/Clement/Documents/Unreal Projects/encore_un_test/Content/StarterContent/Props/MaterialSphere.uasset" 839
"E:/Clement/Documents/Unreal Projects/encore_un_test/Content/StarterContent/Textures/T_Frame_M.uasset" 840
"E:/Clement/Documents/Unreal Projects/encore_un_test/Content/StarterContent/Textures/T_Frame_N.uasset" 841
"E:/Clement/Documents/Unreal Projects/encore_un_test/Content/StarterContent/Props/Materials/M_Frame.uasset" 842
"E:/Clement/Documents/Unreal Projects/encore_un_test/Content/StarterContent/Props/SM_CornerFrame.uasset" 843
"E:/Clement/Documents/Unreal Projects/encore_un_test/Content/StarterContent/Props/SM_DoorFrame.uasset" 844
"E:/Clement/Documents/Unreal Projects/encore_un_test/Content/StarterContent/Props/SM_GlassWindow.uasset" 845
"E:/Clement/Documents/Unreal Projects/encore_un_test/Content/StarterContent/Props/SM_PillarFrame.uasset" 846
"E:/Clement/Documents/Unreal Projects/encore_un_test/Content/StarterContent/Props/SM_PillarFrame300.uasset" 847
"E:/Clement/Documents/Unreal Projects/encore_un_test/Content/StarterContent/Props/SM_WindowFrame.uasset" 848
"E:/Clement/Documents/Unreal Projects/encore_un_test/Content/StarterContent/Shapes/Shape_Cube.uasset" 849
"E:/Clement/Documents/Unreal Projects/encore_un_test/Content/StarterContent/Shapes/Shape_QuadPyramid.uasset" 850
"E:/Clement/Documents/Unreal Projects/encore_un_test/Content/StarterContent/Shapes/Shape_Sphere.uasset" 851
"E:/Clement/Documents/Unreal Projects/encore_un_test/Content/StarterContent/Maps/StarterMap.umap" 852
"E:/Clement/Documents/Unreal Projects/encore_un_test/Content/ThirdPersonBP/Maps/ThirdPersonExampleMap_BuiltData.uasset" 853
"E:/Clement/Documents/Unreal Projects/encore_un_test/Content/HUD/Default_button.uasset" 854
"E:/Clement/Documents/Unreal Projects/encore_un_test/Content/HUD/gradient.uasset" 855
"E:/Clement/Documents/Unreal Projects/encore_un_test/Content/HUD/Main_menu.uasset" 856
"E:/Clement/Documents/Unreal Projects/encore_un_test/Content/HUD/GCCG_moche.uasset" 857
"E:/Clement/Documents/Unreal Projects/encore_un_test/Content/HUD/Unreal_Engine.uasset" 858
"E:/Clement/Documents/Unreal Projects/encore_un_test/Content/HUD/Logos.uasset" 859
"E:/Clement/Documents/Unreal Projects/encore_un_test/Content/Sounds/Musics/A_new_world.uasset" 860
"E:/Clement/Documents/Unreal Projects/encore_un_test/Content/Sounds/Musics/Crab_Rave.uasset" 861
"E:/Clement/Documents/Unreal Projects/encore_un_test/Content/Sounds/Musics/Jubilation_By_Gavin_Luke.uasset" 862
"E:/Clement/Documents/Unreal Projects/encore_un_test/Content/Sounds/Musics/Mobile_Electro_7_by_Marc_Torch_-__Electro_Music_.uasset" 863
"E:/Clement/Documents/Unreal Projects/encore_un_test/Content/Sounds/Musics/Super_Smash_Bros__Ultimate_-_Main_Theme.uasset" 864
"E:/Clement/Documents/Unreal Projects/encore_un_test/Content/Sounds/Musics/Wow_wow.uasset" 865
"E:/Clement/Documents/Unreal Projects/encore_un_test/Content/StarterContent/Textures/T_RockMesh_M.uasset" 866
"E:/Clement/Documents/Unreal Projects/encore_un_test/Content/StarterContent/Textures/T_RockMesh_N.uasset" 867
"E:/Clement/Documents/Unreal Projects/encore_un_test/Content/StarterContent/Props/Materials/M_Rock.uasset" 868
"E:/Clement/Documents/Unreal Projects/encore_un_test/Content/StarterContent/Props/SM_Rock.uasset" 869
"E:/Clement/Documents/Unreal Projects/encore_un_test/Content/ThirdPersonBP/Maps/ThirdPersonExampleMap.umap" 870
"../../../Engine/Content/Maps/Entry_BuiltData.uasset" 871
"../../../Engine/Content/Maps/Entry.umap" 872
